Using pre-set license
Built from '2021.3/evg/staging/82bb020e-b03b1330/draft-0' branch; Version is '2021.3.16f1 (4016570cf34f) revision 4200023'; Using compiler version '192829333'; Build Type 'Release'
OS: 'Windows 11  (10.0.22621) 64bit CoreSingleLanguage' Language: 'en' Physical Memory: 24277 MB
BatchMode: 1, IsHumanControllingUs: 0, StartBugReporterOnCrash: 0, Is64bit: 1, IsPro: 1

COMMAND LINE ARGUMENTS:
E:\New folder\2021.3.16f1\Editor\Unity.exe
-adb2
-batchMode
-noUpm
-name
AssetImportWorker3
-projectPath
E:/_game/Second RPG 3D
-logFile
Logs/AssetImportWorker3.log
-srvPort
56658
Successfully changed project path to: E:/_game/Second RPG 3D
E:/_game/Second RPG 3D
[UnityMemory] Configuration Parameters - Can be set up in boot.config
    "memorysetup-bucket-allocator-granularity=16"
    "memorysetup-bucket-allocator-bucket-count=8"
    "memorysetup-bucket-allocator-block-size=33554432"
    "memorysetup-bucket-allocator-block-count=8"
    "memorysetup-main-allocator-block-size=16777216"
    "memorysetup-thread-allocator-block-size=16777216"
    "memorysetup-gfx-main-allocator-block-size=16777216"
    "memorysetup-gfx-thread-allocator-block-size=16777216"
    "memorysetup-cache-allocator-block-size=4194304"
    "memorysetup-typetree-allocator-block-size=2097152"
    "memorysetup-profiler-bucket-allocator-granularity=16"
    "memorysetup-profiler-bucket-allocator-bucket-count=8"
    "memorysetup-profiler-bucket-allocator-block-size=33554432"
    "memorysetup-profiler-bucket-allocator-block-count=8"
    "memorysetup-profiler-allocator-block-size=16777216"
    "memorysetup-profiler-editor-allocator-block-size=1048576"
    "memorysetup-temp-allocator-size-main=16777216"
    "memorysetup-job-temp-allocator-block-size=2097152"
    "memorysetup-job-temp-allocator-block-size-background=1048576"
    "memorysetup-job-temp-allocator-reduction-small-platforms=262144"
    "memorysetup-temp-allocator-size-background-worker=32768"
    "memorysetup-temp-allocator-size-job-worker=262144"
    "memorysetup-temp-allocator-size-preload-manager=33554432"
    "memorysetup-temp-allocator-size-nav-mesh-worker=65536"
    "memorysetup-temp-allocator-size-audio-worker=65536"
    "memorysetup-temp-allocator-size-cloud-worker=32768"
    "memorysetup-temp-allocator-size-gi-baking-worker=262144"
    "memorysetup-temp-allocator-size-gfx=262144"
Player connection [34124] Host "[IP] 10.10.21.131 [Port] 0 [Flags] 2 [Guid] 3213772217 [EditorId] 3213772217 [Version] 1048832 [Id] WindowsEditor(7,MSI) [Debug] 1 [PackageName] WindowsEditor [ProjectName] Editor" joined multi-casting on [225.0.0.222:54997]...

Player connection [34124] Host "[IP] 10.10.21.131 [Port] 0 [Flags] 2 [Guid] 3213772217 [EditorId] 3213772217 [Version] 1048832 [Id] WindowsEditor(7,MSI) [Debug] 1 [PackageName] WindowsEditor [ProjectName] Editor" joined alternative multi-casting on [225.0.0.222:34997]...

Refreshing native plugins compatible for Editor in 79.13 ms, found 3 plugins.
Preloading 0 native plugins for Editor in 0.00 ms.
Initialize engine version: 2021.3.16f1 (4016570cf34f)
[Subsystems] Discovering subsystems at path E:/New folder/2021.3.16f1/Editor/Data/Resources/UnitySubsystems
[Subsystems] Discovering subsystems at path E:/_game/Second RPG 3D/Assets
GfxDevice: creating device client; threaded=0; jobified=0
Direct3D:
    Version:  Direct3D 11.0 [level 11.1]
    Renderer: NVIDIA GeForce RTX 3050 Ti Laptop GPU (ID=0x25a0)
    Vendor:   NVIDIA
    VRAM:     3976 MB
    Driver:   31.0.15.3742
Initialize mono
Mono path[0] = 'E:/New folder/2021.3.16f1/Editor/Data/Managed'
Mono path[1] = 'E:/New folder/2021.3.16f1/Editor/Data/MonoBleedingEdge/lib/mono/unityjit-win32'
Mono config path = 'E:/New folder/2021.3.16f1/Editor/Data/MonoBleedingEdge/etc'
Using monoOptions --debugger-agent=transport=dt_socket,embedding=1,server=y,suspend=n,address=127.0.0.1:56580
Begin MonoManager ReloadAssembly
Registering precompiled unity dll's ...
Register platform support module: E:/New folder/2021.3.16f1/Editor/Data/PlaybackEngines/AndroidPlayer/UnityEditor.Android.Extensions.dll
Register platform support module: E:/New folder/2021.3.16f1/Editor/Data/PlaybackEngines/iOSSupport/UnityEditor.iOS.Extensions.dll
Register platform support module: E:/New folder/2021.3.16f1/Editor/Data/PlaybackEngines/WindowsStandaloneSupport/UnityEditor.WindowsStandalone.Extensions.dll
Registered in 0.001896 seconds.
Native extension for WindowsStandalone target not found
[usbmuxd] Start listen thread
[usbmuxd] Listen thread started
Native extension for iOS target not found
Native extension for Android target not found
Refreshing native plugins compatible for Editor in 75.38 ms, found 3 plugins.
Preloading 0 native plugins for Editor in 0.00 ms.
Mono: successfully reloaded assembly
- Completed reload, in  0.509 seconds
Domain Reload Profiling:
	ReloadAssembly (509ms)
		BeginReloadAssembly (59ms)
			ExecutionOrderSort (0ms)
			DisableScriptedObjects (0ms)
			BackupInstance (0ms)
			ReleaseScriptingObjects (0ms)
			CreateAndSetChildDomain (1ms)
		EndReloadAssembly (376ms)
			LoadAssemblies (59ms)
			RebuildTransferFunctionScriptingTraits (0ms)
			SetupTypeCache (83ms)
			ReleaseScriptCaches (0ms)
			RebuildScriptCaches (23ms)
			SetupLoadedEditorAssemblies (232ms)
				LogAssemblyErrors (0ms)
				InitializePlatformSupportModulesInManaged (46ms)
				SetLoadedEditorAssemblies (0ms)
				RefreshPlugins (75ms)
				BeforeProcessingInitializeOnLoad (1ms)
				ProcessInitializeOnLoadAttributes (75ms)
				ProcessInitializeOnLoadMethodAttributes (34ms)
				AfterProcessingInitializeOnLoad (0ms)
				EditorAssembliesLoaded (0ms)
			ExecutionOrderSort2 (0ms)
			AwakeInstancesAfterBackupRestoration (0ms)
Platform modules already initialized, skipping
Registering precompiled user dll's ...
Registered in 0.003185 seconds.
Begin MonoManager ReloadAssembly
Symbol file LoadedFromMemory doesn't match image E:\_game\Second RPG 3D\Library\PackageCache\com.unity.visualscripting@1.7.8\Editor\VisualScripting.Core\Dependencies\YamlDotNet\Unity.VisualScripting.YamlDotNet.dll
Symbol file LoadedFromMemory doesn't match image E:\_game\Second RPG 3D\Library\PackageCache\com.unity.visualscripting@1.7.8\Editor\VisualScripting.Core\Dependencies\DotNetZip\Unity.VisualScripting.IonicZip.dll
Native extension for WindowsStandalone target not found
Native extension for iOS target not found
Native extension for Android target not found
Refreshing native plugins compatible for Editor in 0.76 ms, found 3 plugins.
Preloading 0 native plugins for Editor in 0.00 ms.
Mono: successfully reloaded assembly
- Completed reload, in  1.290 seconds
Domain Reload Profiling:
	ReloadAssembly (1291ms)
		BeginReloadAssembly (201ms)
			ExecutionOrderSort (0ms)
			DisableScriptedObjects (5ms)
			BackupInstance (0ms)
			ReleaseScriptingObjects (0ms)
			CreateAndSetChildDomain (132ms)
		EndReloadAssembly (1005ms)
			LoadAssemblies (66ms)
			RebuildTransferFunctionScriptingTraits (0ms)
			SetupTypeCache (304ms)
			ReleaseScriptCaches (1ms)
			RebuildScriptCaches (78ms)
			SetupLoadedEditorAssemblies (517ms)
				LogAssemblyErrors (0ms)
				InitializePlatformSupportModulesInManaged (18ms)
				SetLoadedEditorAssemblies (0ms)
				RefreshPlugins (1ms)
				BeforeProcessingInitializeOnLoad (70ms)
				ProcessInitializeOnLoadAttributes (406ms)
				ProcessInitializeOnLoadMethodAttributes (20ms)
				AfterProcessingInitializeOnLoad (2ms)
				EditorAssembliesLoaded (0ms)
			ExecutionOrderSort2 (0ms)
			AwakeInstancesAfterBackupRestoration (4ms)
Platform modules already initialized, skipping
========================================================================
Worker process is ready to serve import requests
Launched and connected shader compiler UnityShaderCompiler.exe after 0.04 seconds
Refreshing native plugins compatible for Editor in 0.62 ms, found 3 plugins.
Preloading 0 native plugins for Editor in 0.00 ms.
Unloading 3713 Unused Serialized files (Serialized files now loaded: 0)
Unloading 50 unused Assets / (1.3 MB). Loaded Objects now: 4169.
Memory consumption went from 141.2 MB to 139.8 MB.
Total: 4.198300 ms (FindLiveObjects: 0.257400 ms CreateObjectMapping: 0.114400 ms MarkObjects: 3.580800 ms  DeleteObjects: 0.244700 ms)

AssetImportParameters requested are different than current active one (requested -> active):
  custom:video-decoder-ogg-theora: a1e56fd34408186e4bbccfd4996cb3dc -> 
  custom:container-muxer-webm: aa71ff27fc2769a1b78a27578f13a17b -> 
  custom:container-demuxer-webm: 4f35f7cbe854078d1ac9338744f61a02 -> 
  custom:video-encoder-webm-vp8: eb34c28f22e8b96e1ab97ce403110664 -> 
  custom:audio-encoder-webm-vorbis: bf7c407c2cedff20999df2af8eb42d56 -> 
  custom:framework-win-MediaFoundation: 216162199b28c13a410421893ffa2e32 -> 
  custom:container-demuxer-ogg: 62fdf1f143b41e24485cea50d1cbac27 -> 
  custom:video-decoder-webm-vp8: 9c59270c3fd7afecdb556c50c9e8de78 -> 
  custom:audio-decoder-ogg-vorbis: bf7c407c2cedff20999df2af8eb42d56 -> 
========================================================================
Received Import Request.
  Time since last request: 36217.588468 seconds.
  path: Assets/HONETi/mobile_cartoon_GUI/GUI Elements/Rewards/reward_stars_1.png
  artifactKey: Guid(c399b34a10615c643a6daa0716f27e6c) Importer(815301076,1909f56bfc062723c751e8b465ee728b)
Start importing Assets/HONETi/mobile_cartoon_GUI/GUI Elements/Rewards/reward_stars_1.png using Guid(c399b34a10615c643a6daa0716f27e6c) Importer(815301076,1909f56bfc062723c751e8b465ee728b)  -> (artifact id: '163245d168b3ee54403b6c752d20a4a1') in 0.097924 seconds 
========================================================================
Received Import Request.
  Time since last request: 0.423839 seconds.
  path: Assets/HONETi/mobile_cartoon_GUI/GUI Elements/Panels/panel_top.png
  artifactKey: Guid(d8b72ad58005f37499933d7882c70cc6) Importer(815301076,1909f56bfc062723c751e8b465ee728b)
Start importing Assets/HONETi/mobile_cartoon_GUI/GUI Elements/Panels/panel_top.png using Guid(d8b72ad58005f37499933d7882c70cc6) Importer(815301076,1909f56bfc062723c751e8b465ee728b)  -> (artifact id: 'ecd38bc58a7c02aa0f3415ac1fcaea04') in 0.030582 seconds 
========================================================================
Received Import Request.
  Time since last request: 0.000030 seconds.
  path: Assets/HONETi/mobile_cartoon_GUI/GUI Elements/Panels/start_top_logo_sample.png
  artifactKey: Guid(f7a1834c4fb052e458eedbf557d1361e) Importer(815301076,1909f56bfc062723c751e8b465ee728b)
Start importing Assets/HONETi/mobile_cartoon_GUI/GUI Elements/Panels/start_top_logo_sample.png using Guid(f7a1834c4fb052e458eedbf557d1361e) Importer(815301076,1909f56bfc062723c751e8b465ee728b)  -> (artifact id: '508c4b168cc50863861f87df9d92bb13') in 0.020754 seconds 
========================================================================
Received Import Request.
  Time since last request: 0.457132 seconds.
  path: Assets/HONETi/mobile_cartoon_GUI/GUI Elements/Settings/settings_checkbox_lock.png
  artifactKey: Guid(6da83853981303c46a7e5fbc416b74a1) Importer(815301076,1909f56bfc062723c751e8b465ee728b)
Start importing Assets/HONETi/mobile_cartoon_GUI/GUI Elements/Settings/settings_checkbox_lock.png using Guid(6da83853981303c46a7e5fbc416b74a1) Importer(815301076,1909f56bfc062723c751e8b465ee728b)  -> (artifact id: 'adf0c8a265b8a056ef31adeece1b8a1c') in 0.031373 seconds 
========================================================================
Received Import Request.
  Time since last request: 0.000019 seconds.
  path: Assets/HONETi/mobile_cartoon_GUI/GUI Elements/Settings/slider_pointer.png
  artifactKey: Guid(6d438c1b0313e3142bed5d126b51a5d1) Importer(815301076,1909f56bfc062723c751e8b465ee728b)
Start importing Assets/HONETi/mobile_cartoon_GUI/GUI Elements/Settings/slider_pointer.png using Guid(6d438c1b0313e3142bed5d126b51a5d1) Importer(815301076,1909f56bfc062723c751e8b465ee728b)  -> (artifact id: '4a2b260d4ae0c6ff734f8b8e153fafc6') in 0.027406 seconds 
========================================================================
Received Import Request.
  Time since last request: 0.258079 seconds.
  path: Assets/HONETi/mobile_cartoon_GUI/GUI Elements/Store/store_block_hover.png
  artifactKey: Guid(c3f71d78b1098784797b5677e775ee93) Importer(815301076,1909f56bfc062723c751e8b465ee728b)
Start importing Assets/HONETi/mobile_cartoon_GUI/GUI Elements/Store/store_block_hover.png using Guid(c3f71d78b1098784797b5677e775ee93) Importer(815301076,1909f56bfc062723c751e8b465ee728b)  -> (artifact id: '15c79f0ca1806ee7deb9cc89b853f6e0') in 0.021378 seconds 
========================================================================
Received Import Request.
  Time since last request: 0.371903 seconds.
  path: Assets/HONETi/mobile_cartoon_GUI/GUI Elements/Textfield/text_background_big.png
  artifactKey: Guid(a3bba806bc4d8c84e8b5b5087f9fd709) Importer(815301076,1909f56bfc062723c751e8b465ee728b)
Start importing Assets/HONETi/mobile_cartoon_GUI/GUI Elements/Textfield/text_background_big.png using Guid(a3bba806bc4d8c84e8b5b5087f9fd709) Importer(815301076,1909f56bfc062723c751e8b465ee728b)  -> (artifact id: 'd846a8c92a25889d049fdeab0bbb5964') in 0.028747 seconds 
========================================================================
Received Import Request.
  Time since last request: 1.111198 seconds.
  path: Assets/HONETi/mobile_cartoon_GUI/psd files/panel_start_slices.psd
  artifactKey: Guid(f132ab927f3b2c547a43c274c9779d51) Importer(815301076,1909f56bfc062723c751e8b465ee728b)
Start importing Assets/HONETi/mobile_cartoon_GUI/psd files/panel_start_slices.psd using Guid(f132ab927f3b2c547a43c274c9779d51) Importer(815301076,1909f56bfc062723c751e8b465ee728b)  -> (artifact id: '1a6581bf3326cdb9c6b3577a7f732659') in 0.163108 seconds 
========================================================================
Received Import Request.
  Time since last request: 6.269802 seconds.
  path: Assets/AurynSky/Gems Ultimate Pack/Materials/Blue.mat
  artifactKey: Guid(d3fdd53a2b5dd904fad8d824266a4cad) Importer(815301076,1909f56bfc062723c751e8b465ee728b)
Start importing Assets/AurynSky/Gems Ultimate Pack/Materials/Blue.mat using Guid(d3fdd53a2b5dd904fad8d824266a4cad) Importer(815301076,1909f56bfc062723c751e8b465ee728b)  -> (artifact id: 'bdccb74b8e0fabb2aa6f5807b0031396') in 0.046168 seconds 
========================================================================
Received Import Request.
  Time since last request: 0.000030 seconds.
  path: Assets/AurynSky/Gems Ultimate Pack/Materials/Orange.mat
  artifactKey: Guid(5a9e6cf91cbfc1a4fbc9470cca37b97a) Importer(815301076,1909f56bfc062723c751e8b465ee728b)
Start importing Assets/AurynSky/Gems Ultimate Pack/Materials/Orange.mat using Guid(5a9e6cf91cbfc1a4fbc9470cca37b97a) Importer(815301076,1909f56bfc062723c751e8b465ee728b)  -> (artifact id: '95f49e9c701f0166ef1aff8a6602c602') in 0.027072 seconds 
========================================================================
Received Import Request.
  Time since last request: 0.000020 seconds.
  path: Assets/AurynSky/Gems Ultimate Pack/Materials/Purple.mat
  artifactKey: Guid(152a75409221b6244be7b0063172b666) Importer(815301076,1909f56bfc062723c751e8b465ee728b)
Start importing Assets/AurynSky/Gems Ultimate Pack/Materials/Purple.mat using Guid(152a75409221b6244be7b0063172b666) Importer(815301076,1909f56bfc062723c751e8b465ee728b)  -> (artifact id: '6850f48b76c5361db8095d5adaf9b3b3') in 0.017681 seconds 
========================================================================
Received Import Request.
  Time since last request: 0.791075 seconds.
  path: Assets/AurynSky/Gems Ultimate Pack/Models/BeveledStar.fbx
  artifactKey: Guid(fce0ecff534816b49af71ef31033c259) Importer(815301076,1909f56bfc062723c751e8b465ee728b)
Start importing Assets/AurynSky/Gems Ultimate Pack/Models/BeveledStar.fbx using Guid(fce0ecff534816b49af71ef31033c259) Importer(815301076,1909f56bfc062723c751e8b465ee728b)  -> (artifact id: '0872ac9315edc071bfdeaccb3f24fece') in 0.041363 seconds 
========================================================================
Received Import Request.
  Time since last request: 0.000032 seconds.
  path: Assets/AurynSky/Gems Ultimate Pack/Models/Spiral.fbx
  artifactKey: Guid(973011b81536fe2408cc13aa49700e3b) Importer(815301076,1909f56bfc062723c751e8b465ee728b)
Start importing Assets/AurynSky/Gems Ultimate Pack/Models/Spiral.fbx using Guid(973011b81536fe2408cc13aa49700e3b) Importer(815301076,1909f56bfc062723c751e8b465ee728b)  -> (artifact id: '4b8134dc575e62def6de2477e8c408c5') in 0.019303 seconds 
========================================================================
Received Import Request.
  Time since last request: 0.000045 seconds.
  path: Assets/AurynSky/Gems Ultimate Pack/Models/Diamondo.fbx
  artifactKey: Guid(911b2aca4190de843ba6fc029bf3734d) Importer(815301076,1909f56bfc062723c751e8b465ee728b)
Start importing Assets/AurynSky/Gems Ultimate Pack/Models/Diamondo.fbx using Guid(911b2aca4190de843ba6fc029bf3734d) Importer(815301076,1909f56bfc062723c751e8b465ee728b)  -> (artifact id: '06f998266aaaa94554ccea3b56ce7f7f') in 0.022460 seconds 
========================================================================
Received Import Request.
  Time since last request: 0.000022 seconds.
  path: Assets/AurynSky/Gems Ultimate Pack/Models/HardStar.fbx
  artifactKey: Guid(9d0e73dbf5dfc6e4e800cbe52651ac4d) Importer(815301076,1909f56bfc062723c751e8b465ee728b)
Start importing Assets/AurynSky/Gems Ultimate Pack/Models/HardStar.fbx using Guid(9d0e73dbf5dfc6e4e800cbe52651ac4d) Importer(815301076,1909f56bfc062723c751e8b465ee728b)  -> (artifact id: '3da2756524a8ea98856936085279b154') in 0.020369 seconds 
========================================================================
Received Import Request.
  Time since last request: 0.000030 seconds.
  path: Assets/AurynSky/Gems Ultimate Pack/Models/CubieBeveled.fbx
  artifactKey: Guid(6579b708f10e00c448d8ddbc06ba95fe) Importer(815301076,1909f56bfc062723c751e8b465ee728b)
Start importing Assets/AurynSky/Gems Ultimate Pack/Models/CubieBeveled.fbx using Guid(6579b708f10e00c448d8ddbc06ba95fe) Importer(815301076,1909f56bfc062723c751e8b465ee728b)  -> (artifact id: '2825b7e357320e47a0ee3e61f584607e') in 0.021392 seconds 
========================================================================
Received Import Request.
  Time since last request: 1.132568 seconds.
  path: Assets/AurynSky/Gems Ultimate Pack/Prefabs/BeveledStar.prefab
  artifactKey: Guid(f5c872ee906a85b46aa65e0ab683ed9f) Importer(815301076,1909f56bfc062723c751e8b465ee728b)
Start importing Assets/AurynSky/Gems Ultimate Pack/Prefabs/BeveledStar.prefab using Guid(f5c872ee906a85b46aa65e0ab683ed9f) Importer(815301076,1909f56bfc062723c751e8b465ee728b)  -> (artifact id: '9f65972574dd6644afb446813e8d2c27') in 0.013074 seconds 
========================================================================
Received Import Request.
  Time since last request: 0.000021 seconds.
  path: Assets/AurynSky/Gems Ultimate Pack/Prefabs/Hexgon.prefab
  artifactKey: Guid(676e107eeafc5524b97910d76516565d) Importer(815301076,1909f56bfc062723c751e8b465ee728b)
Start importing Assets/AurynSky/Gems Ultimate Pack/Prefabs/Hexgon.prefab using Guid(676e107eeafc5524b97910d76516565d) Importer(815301076,1909f56bfc062723c751e8b465ee728b)  -> (artifact id: '5f00fa57d26a7ad82bda8eada196d564') in 0.013407 seconds 
========================================================================
Received Import Request.
  Time since last request: 0.000035 seconds.
  path: Assets/AurynSky/Gems Ultimate Pack/Prefabs/Cubie.prefab
  artifactKey: Guid(38dea0631a962ad45b71e2759e4240d8) Importer(815301076,1909f56bfc062723c751e8b465ee728b)
Start importing Assets/AurynSky/Gems Ultimate Pack/Prefabs/Cubie.prefab using Guid(38dea0631a962ad45b71e2759e4240d8) Importer(815301076,1909f56bfc062723c751e8b465ee728b)  -> (artifact id: '62e72dd810169ac6e7339e06c78eeb06') in 0.013309 seconds 
========================================================================
Received Import Request.
  Time since last request: 0.000019 seconds.
  path: Assets/AurynSky/Gems Ultimate Pack/Prefabs/Heart.prefab
  artifactKey: Guid(5a0537415d4017c4fad7a4986f502dc1) Importer(815301076,1909f56bfc062723c751e8b465ee728b)
Start importing Assets/AurynSky/Gems Ultimate Pack/Prefabs/Heart.prefab using Guid(5a0537415d4017c4fad7a4986f502dc1) Importer(815301076,1909f56bfc062723c751e8b465ee728b)  -> (artifact id: '44f9e93aa5554fe21901853ec8f5de72') in 0.016971 seconds 
========================================================================
Received Import Request.
  Time since last request: 0.000021 seconds.
  path: Assets/AurynSky/Gems Ultimate Pack/Prefabs/Penta.prefab
  artifactKey: Guid(1a73058088a4b204bb3a13aff5c48489) Importer(815301076,1909f56bfc062723c751e8b465ee728b)
Start importing Assets/AurynSky/Gems Ultimate Pack/Prefabs/Penta.prefab using Guid(1a73058088a4b204bb3a13aff5c48489) Importer(815301076,1909f56bfc062723c751e8b465ee728b)  -> (artifact id: 'b43c6bff2a7af74bd4bd794ed2ee96bb') in 0.014144 seconds 
========================================================================
Received Import Request.
  Time since last request: 4.993373 seconds.
  path: Assets/AssetsPacket/Aprenda Unity/Particles/FX_SwordSlash_01.prefab
  artifactKey: Guid(8ba1f556cf4e13b44b1628703348c518) Importer(815301076,1909f56bfc062723c751e8b465ee728b)
Start importing Assets/AssetsPacket/Aprenda Unity/Particles/FX_SwordSlash_01.prefab using Guid(8ba1f556cf4e13b44b1628703348c518) Importer(815301076,1909f56bfc062723c751e8b465ee728b)  -> (artifact id: '234d48f0a49ac96afd03f064f32d1955') in 0.027259 seconds 
========================================================================
Received Import Request.
  Time since last request: 5.562099 seconds.
  path: Assets/AssetsPacket/Cursors/Cursors 64/Arrow_R.png
  artifactKey: Guid(116f8e92c4d794a498333f8f87d172bd) Importer(815301076,1909f56bfc062723c751e8b465ee728b)
Start importing Assets/AssetsPacket/Cursors/Cursors 64/Arrow_R.png using Guid(116f8e92c4d794a498333f8f87d172bd) Importer(815301076,1909f56bfc062723c751e8b465ee728b)  -> (artifact id: '5c56ace8603578d0cf8ca7e72f36c6c1') in 0.029114 seconds 
========================================================================
Received Import Request.
  Time since last request: 0.000032 seconds.
  path: Assets/AssetsPacket/Cursors/Cursors 64/G_Cursor_Deff.png
  artifactKey: Guid(aecb2ca547319c841a0334e1d2bd558f) Importer(815301076,1909f56bfc062723c751e8b465ee728b)
Start importing Assets/AssetsPacket/Cursors/Cursors 64/G_Cursor_Deff.png using Guid(aecb2ca547319c841a0334e1d2bd558f) Importer(815301076,1909f56bfc062723c751e8b465ee728b)  -> (artifact id: 'ad602333bbf68164943d85a77d251886') in 0.020136 seconds 
========================================================================
Received Import Request.
  Time since last request: 0.000017 seconds.
  path: Assets/AssetsPacket/Cursors/Cursors 64/G_Cursor_Basic.png
  artifactKey: Guid(bb57a4c5a1ec38a41949d0975ede9ac1) Importer(815301076,1909f56bfc062723c751e8b465ee728b)
Start importing Assets/AssetsPacket/Cursors/Cursors 64/G_Cursor_Basic.png using Guid(bb57a4c5a1ec38a41949d0975ede9ac1) Importer(815301076,1909f56bfc062723c751e8b465ee728b)  -> (artifact id: '145da3f61aa595d0dd5c0f0d5af8d12c') in 0.022210 seconds 
========================================================================
Received Import Request.
  Time since last request: 0.000020 seconds.
  path: Assets/AssetsPacket/Cursors/Cursors 64/Cursor_Hand2.png
  artifactKey: Guid(d0bd63dc4e8d4a845a0f198c39644e18) Importer(815301076,1909f56bfc062723c751e8b465ee728b)
Start importing Assets/AssetsPacket/Cursors/Cursors 64/Cursor_Hand2.png using Guid(d0bd63dc4e8d4a845a0f198c39644e18) Importer(815301076,1909f56bfc062723c751e8b465ee728b)  -> (artifact id: '3a630f139d4bfb5095c468291a025433') in 0.037790 seconds 
========================================================================
Received Import Request.
  Time since last request: 0.000018 seconds.
  path: Assets/AssetsPacket/Cursors/Cursors 64/G_Cursor_book.png
  artifactKey: Guid(9cda48e378d35dc4ab62c87729c084dd) Importer(815301076,1909f56bfc062723c751e8b465ee728b)
Start importing Assets/AssetsPacket/Cursors/Cursors 64/G_Cursor_book.png using Guid(9cda48e378d35dc4ab62c87729c084dd) Importer(815301076,1909f56bfc062723c751e8b465ee728b)  -> (artifact id: '3cce62a4f16751e7e246a482bb80bed9') in 0.016482 seconds 
========================================================================
Received Import Request.
  Time since last request: 0.000022 seconds.
  path: Assets/AssetsPacket/Cursors/Cursors 64/Cursor_Move2.png
  artifactKey: Guid(1b362737dfa014a40a71ecaffce5e053) Importer(815301076,1909f56bfc062723c751e8b465ee728b)
Start importing Assets/AssetsPacket/Cursors/Cursors 64/Cursor_Move2.png using Guid(1b362737dfa014a40a71ecaffce5e053) Importer(815301076,1909f56bfc062723c751e8b465ee728b)  -> (artifact id: '717139bb2594d27ccf95cc8ebf8096b4') in 0.027098 seconds 
========================================================================
Received Import Request.
  Time since last request: 0.000027 seconds.
  path: Assets/AssetsPacket/Cursors/Cursors 64/G_Arrow.png
  artifactKey: Guid(6d3fc80206b127d469d54dc4512be56c) Importer(815301076,1909f56bfc062723c751e8b465ee728b)
Start importing Assets/AssetsPacket/Cursors/Cursors 64/G_Arrow.png using Guid(6d3fc80206b127d469d54dc4512be56c) Importer(815301076,1909f56bfc062723c751e8b465ee728b)  -> (artifact id: '13ee3fdbe8e3948107964730cc8e4108') in 0.024637 seconds 
========================================================================
Received Import Request.
  Time since last request: 0.000022 seconds.
  path: Assets/AssetsPacket/Cursors/Cursors 64/G_Cursor_Hand.png
  artifactKey: Guid(e43eb6dc9e9ce1f47bac91c53a5246fc) Importer(815301076,1909f56bfc062723c751e8b465ee728b)
Start importing Assets/AssetsPacket/Cursors/Cursors 64/G_Cursor_Hand.png using Guid(e43eb6dc9e9ce1f47bac91c53a5246fc) Importer(815301076,1909f56bfc062723c751e8b465ee728b)  -> (artifact id: '44fed1cf725f63a485ebcb67e97b37c0') in 0.013787 seconds 
========================================================================
Received Import Request.
  Time since last request: 0.000062 seconds.
  path: Assets/AssetsPacket/Cursors/Cursors 64/Cursor_shoot.png
  artifactKey: Guid(cf2530d88842998479571ba2e3a43c9d) Importer(815301076,1909f56bfc062723c751e8b465ee728b)
Start importing Assets/AssetsPacket/Cursors/Cursors 64/Cursor_shoot.png using Guid(cf2530d88842998479571ba2e3a43c9d) Importer(815301076,1909f56bfc062723c751e8b465ee728b)  -> (artifact id: 'e105b69555b4c665ad65b625df63df15') in 0.017158 seconds 
========================================================================
Received Import Request.
  Time since last request: 0.000023 seconds.
  path: Assets/AssetsPacket/Cursors/Cursors 64/G_Cursor_Attack.png
  artifactKey: Guid(78bdc1d51cd53a648ac0c56ff5aaf59f) Importer(815301076,1909f56bfc062723c751e8b465ee728b)
Start importing Assets/AssetsPacket/Cursors/Cursors 64/G_Cursor_Attack.png using Guid(78bdc1d51cd53a648ac0c56ff5aaf59f) Importer(815301076,1909f56bfc062723c751e8b465ee728b)  -> (artifact id: '23822926eb20863f8d607213313ed406') in 0.016085 seconds 
========================================================================
Received Import Request.
  Time since last request: 0.000018 seconds.
  path: Assets/AssetsPacket/Cursors/Cursors 64/G_Cursor_Move1.png
  artifactKey: Guid(8565063079ea8204eaeb228bc3d8b92d) Importer(815301076,1909f56bfc062723c751e8b465ee728b)
Start importing Assets/AssetsPacket/Cursors/Cursors 64/G_Cursor_Move1.png using Guid(8565063079ea8204eaeb228bc3d8b92d) Importer(815301076,1909f56bfc062723c751e8b465ee728b)  -> (artifact id: '84dede94c2dbdba4edcb2b35f03124ee') in 0.017507 seconds 
========================================================================
Received Import Request.
  Time since last request: 0.000026 seconds.
  path: Assets/AssetsPacket/Cursors/Cursors 64/G_Cursor_Attack_G.png
  artifactKey: Guid(eb5cd85ef1c59a54f986b7a8d3edbc90) Importer(815301076,1909f56bfc062723c751e8b465ee728b)
Start importing Assets/AssetsPacket/Cursors/Cursors 64/G_Cursor_Attack_G.png using Guid(eb5cd85ef1c59a54f986b7a8d3edbc90) Importer(815301076,1909f56bfc062723c751e8b465ee728b)  -> (artifact id: 'f3666ff7c9f8485bd6aaa5aa92e38d1d') in 0.017297 seconds 
========================================================================
Received Import Request.
  Time since last request: 0.000032 seconds.
  path: Assets/AssetsPacket/Cursors/Cursors 64/Cursor_Hand.png
  artifactKey: Guid(42ec8a0e710138343a271d732299cfb6) Importer(815301076,1909f56bfc062723c751e8b465ee728b)
Start importing Assets/AssetsPacket/Cursors/Cursors 64/Cursor_Hand.png using Guid(42ec8a0e710138343a271d732299cfb6) Importer(815301076,1909f56bfc062723c751e8b465ee728b)  -> (artifact id: 'e5f2dea2ed917adc0b704f5cebf2b901') in 0.017007 seconds 
========================================================================
Received Import Request.
  Time since last request: 0.000024 seconds.
  path: Assets/AssetsPacket/Cursors/Cursors 64/Cursor_Basic2_G.png
  artifactKey: Guid(e8da6823dea48c6459c77a4ababb83a5) Importer(815301076,1909f56bfc062723c751e8b465ee728b)
Start importing Assets/AssetsPacket/Cursors/Cursors 64/Cursor_Basic2_G.png using Guid(e8da6823dea48c6459c77a4ababb83a5) Importer(815301076,1909f56bfc062723c751e8b465ee728b)  -> (artifact id: '1b945a906bf18baae0e9296b8295c9aa') in 0.016336 seconds 
========================================================================
Received Import Request.
  Time since last request: 0.162813 seconds.
  path: Assets/AssetsPacket/Cursors/Cursors 256/Arrow_R.png
  artifactKey: Guid(a0884ab356463e048a840e7c310098bf) Importer(815301076,1909f56bfc062723c751e8b465ee728b)
Start importing Assets/AssetsPacket/Cursors/Cursors 256/Arrow_R.png using Guid(a0884ab356463e048a840e7c310098bf) Importer(815301076,1909f56bfc062723c751e8b465ee728b)  -> (artifact id: 'f8750e4f0dd3777f4848eaa872f021f7') in 0.018169 seconds 
========================================================================
Received Import Request.
  Time since last request: 0.000018 seconds.
  path: Assets/AssetsPacket/Cursors/Cursors 256/Cursor_Basic2_R.png
  artifactKey: Guid(18998ef35f6b8474984b039c3366b132) Importer(815301076,1909f56bfc062723c751e8b465ee728b)
Start importing Assets/AssetsPacket/Cursors/Cursors 256/Cursor_Basic2_R.png using Guid(18998ef35f6b8474984b039c3366b132) Importer(815301076,1909f56bfc062723c751e8b465ee728b)  -> (artifact id: '117fd50369069155e845e4f3ca21f4ac') in 0.017285 seconds 
========================================================================
Received Import Request.
  Time since last request: 0.000024 seconds.
  path: Assets/AssetsPacket/Cursors/Cursors 256/Cursor_book.png
  artifactKey: Guid(b742388d2f7855d41ab77f2ffbe4e558) Importer(815301076,1909f56bfc062723c751e8b465ee728b)
Start importing Assets/AssetsPacket/Cursors/Cursors 256/Cursor_book.png using Guid(b742388d2f7855d41ab77f2ffbe4e558) Importer(815301076,1909f56bfc062723c751e8b465ee728b)  -> (artifact id: '66137cf874486aba9eee5f698280517b') in 0.018486 seconds 
========================================================================
Received Import Request.
  Time since last request: 0.000035 seconds.
  path: Assets/AssetsPacket/Cursors/Cursors 256/Cursor_Production.png
  artifactKey: Guid(d0d03afcba5eebe41a438f083cc0466e) Importer(815301076,1909f56bfc062723c751e8b465ee728b)
Start importing Assets/AssetsPacket/Cursors/Cursors 256/Cursor_Production.png using Guid(d0d03afcba5eebe41a438f083cc0466e) Importer(815301076,1909f56bfc062723c751e8b465ee728b)  -> (artifact id: 'da67cb601ea98a26d7345defc8d66ae7') in 0.017198 seconds 
========================================================================
Received Import Request.
  Time since last request: 0.000049 seconds.
  path: Assets/AssetsPacket/Cursors/Cursors 256/Cursor_ship.png
  artifactKey: Guid(068ae85ce4386b7459fccefb0466c0ba) Importer(815301076,1909f56bfc062723c751e8b465ee728b)
Start importing Assets/AssetsPacket/Cursors/Cursors 256/Cursor_ship.png using Guid(068ae85ce4386b7459fccefb0466c0ba) Importer(815301076,1909f56bfc062723c751e8b465ee728b)  -> (artifact id: 'c8ecebe78bc4812ae1fced038a127c12') in 0.019914 seconds 
========================================================================
Received Import Request.
  Time since last request: 0.000019 seconds.
  path: Assets/AssetsPacket/Cursors/Cursors 256/G_Cursor_Basic2.png
  artifactKey: Guid(c0b55e16840fbb642b2d8836c473dc39) Importer(815301076,1909f56bfc062723c751e8b465ee728b)
Start importing Assets/AssetsPacket/Cursors/Cursors 256/G_Cursor_Basic2.png using Guid(c0b55e16840fbb642b2d8836c473dc39) Importer(815301076,1909f56bfc062723c751e8b465ee728b)  -> (artifact id: 'e4568ab116b6fc9dc8751972f0843642') in 0.019432 seconds 
========================================================================
Received Import Request.
  Time since last request: 0.000018 seconds.
  path: Assets/AssetsPacket/Cursors/Cursors 256/G_Cursor_Flask.png
  artifactKey: Guid(3afbacd892d997448b659933cf93291c) Importer(815301076,1909f56bfc062723c751e8b465ee728b)
Start importing Assets/AssetsPacket/Cursors/Cursors 256/G_Cursor_Flask.png using Guid(3afbacd892d997448b659933cf93291c) Importer(815301076,1909f56bfc062723c751e8b465ee728b)  -> (artifact id: 'fbc492a02a6e358d6ca14115bf9b29d2') in 0.020512 seconds 
========================================================================
Received Import Request.
  Time since last request: 0.000020 seconds.
  path: Assets/AssetsPacket/Cursors/Cursors 256/Cursor_Attack_G.png
  artifactKey: Guid(9d1d8711f810d3b478245db745d89b1f) Importer(815301076,1909f56bfc062723c751e8b465ee728b)
Start importing Assets/AssetsPacket/Cursors/Cursors 256/Cursor_Attack_G.png using Guid(9d1d8711f810d3b478245db745d89b1f) Importer(815301076,1909f56bfc062723c751e8b465ee728b)  -> (artifact id: '6dc172a1c98490160a07ba32e1f550da') in 0.020077 seconds 
========================================================================
Received Import Request.
  Time since last request: 0.000035 seconds.
  path: Assets/AssetsPacket/Cursors/Cursors 256/Cursor_Hand.png
  artifactKey: Guid(0f45821c9378469498c0044ff9068ea2) Importer(815301076,1909f56bfc062723c751e8b465ee728b)
Start importing Assets/AssetsPacket/Cursors/Cursors 256/Cursor_Hand.png using Guid(0f45821c9378469498c0044ff9068ea2) Importer(815301076,1909f56bfc062723c751e8b465ee728b)  -> (artifact id: '503bb14a472aa2d80ec71e9439594cac') in 0.020438 seconds 
========================================================================
Received Import Request.
  Time since last request: 0.000019 seconds.
  path: Assets/AssetsPacket/Cursors/Cursors 256/Cursor_Basic.png
  artifactKey: Guid(87d28997275f30943a4bf1cdc156bb73) Importer(815301076,1909f56bfc062723c751e8b465ee728b)
Start importing Assets/AssetsPacket/Cursors/Cursors 256/Cursor_Basic.png using Guid(87d28997275f30943a4bf1cdc156bb73) Importer(815301076,1909f56bfc062723c751e8b465ee728b)  -> (artifact id: '9a8bcc80592a79eef3f3ef7ff5dd13b5') in 0.019165 seconds 
========================================================================
Received Import Request.
  Time since last request: 0.000023 seconds.
  path: Assets/AssetsPacket/Cursors/Cursors 256/G_Cursor_Basic.png
  artifactKey: Guid(81c11de65c5451d41a9a0eb359e343b5) Importer(815301076,1909f56bfc062723c751e8b465ee728b)
Start importing Assets/AssetsPacket/Cursors/Cursors 256/G_Cursor_Basic.png using Guid(81c11de65c5451d41a9a0eb359e343b5) Importer(815301076,1909f56bfc062723c751e8b465ee728b)  -> (artifact id: '3e06332521f65b4f3ecf31c44acd1910') in 0.021050 seconds 
========================================================================
Received Import Request.
  Time since last request: 0.000025 seconds.
  path: Assets/AssetsPacket/Cursors/Cursors 256/G_Cursor_shoot.png
  artifactKey: Guid(a88530dc1ae5dc44fbf1df0543e99ebf) Importer(815301076,1909f56bfc062723c751e8b465ee728b)
Start importing Assets/AssetsPacket/Cursors/Cursors 256/G_Cursor_shoot.png using Guid(a88530dc1ae5dc44fbf1df0543e99ebf) Importer(815301076,1909f56bfc062723c751e8b465ee728b)  -> (artifact id: '1db981aa3a9794d64f1132abb72cdd39') in 0.019727 seconds 
========================================================================
Received Import Request.
  Time since last request: 0.000024 seconds.
  path: Assets/AssetsPacket/Cursors/Cursors 256/Cursor_Basic2.png
  artifactKey: Guid(a5f9cc9a5efbe894eb85de4851711ba8) Importer(815301076,1909f56bfc062723c751e8b465ee728b)
Start importing Assets/AssetsPacket/Cursors/Cursors 256/Cursor_Basic2.png using Guid(a5f9cc9a5efbe894eb85de4851711ba8) Importer(815301076,1909f56bfc062723c751e8b465ee728b)  -> (artifact id: '975d896ae7c3fe2bd77f0d453ec3b334') in 0.021293 seconds 
========================================================================
Received Import Request.
  Time since last request: 0.000031 seconds.
  path: Assets/AssetsPacket/Cursors/Cursors 256/Cursor_Deff.png
  artifactKey: Guid(2c292c9edcc019b4eb6f2f8550a0f686) Importer(815301076,1909f56bfc062723c751e8b465ee728b)
Start importing Assets/AssetsPacket/Cursors/Cursors 256/Cursor_Deff.png using Guid(2c292c9edcc019b4eb6f2f8550a0f686) Importer(815301076,1909f56bfc062723c751e8b465ee728b)  -> (artifact id: 'fabae7aaeae3884a9321ce2568e86846') in 0.021500 seconds 
========================================================================
Received Import Request.
  Time since last request: 3.940553 seconds.
  path: Assets/AssetsPacket/DogKnight/Material/Skybox_Mat.mat
  artifactKey: Guid(5f62bea3b5185c2488588e50d05df87f) Importer(815301076,1909f56bfc062723c751e8b465ee728b)
Start importing Assets/AssetsPacket/DogKnight/Material/Skybox_Mat.mat using Guid(5f62bea3b5185c2488588e50d05df87f) Importer(815301076,1909f56bfc062723c751e8b465ee728b)  -> (artifact id: 'c88d13e275cf815328c307225ee5ff07') in 0.018116 seconds 
========================================================================
Received Import Request.
  Time since last request: 0.658444 seconds.
  path: Assets/AssetsPacket/DogKnight/Mesh/Shield.fbx
  artifactKey: Guid(588cb1a3084bba747b81631d0c071523) Importer(815301076,1909f56bfc062723c751e8b465ee728b)
Start importing Assets/AssetsPacket/DogKnight/Mesh/Shield.fbx using Guid(588cb1a3084bba747b81631d0c071523) Importer(815301076,1909f56bfc062723c751e8b465ee728b)  -> (artifact id: 'b0aa082142bd04b924c1d2d52a4a0cb1') in 0.019268 seconds 
========================================================================
Received Import Request.
  Time since last request: 0.000022 seconds.
  path: Assets/AssetsPacket/DogKnight/Mesh/Stage.fbx
  artifactKey: Guid(83ccc45f4c0939440a46957a74a54d2c) Importer(815301076,1909f56bfc062723c751e8b465ee728b)
Start importing Assets/AssetsPacket/DogKnight/Mesh/Stage.fbx using Guid(83ccc45f4c0939440a46957a74a54d2c) Importer(815301076,1909f56bfc062723c751e8b465ee728b)  -> (artifact id: '4d17a285866acf73fb30afbcb8f28cad') in 0.052522 seconds 
========================================================================
Received Import Request.
  Time since last request: 0.000031 seconds.
  path: Assets/AssetsPacket/DogKnight/Mesh/Sword.fbx
  artifactKey: Guid(9ef625d01f79b4e4eb62fcdf032954ca) Importer(815301076,1909f56bfc062723c751e8b465ee728b)
Start importing Assets/AssetsPacket/DogKnight/Mesh/Sword.fbx using Guid(9ef625d01f79b4e4eb62fcdf032954ca) Importer(815301076,1909f56bfc062723c751e8b465ee728b)  -> (artifact id: '979df1c35cde9a51a239611329d24b27') in 0.048332 seconds 
========================================================================
Received Import Request.
  Time since last request: 2.148839 seconds.
  path: Assets/AssetsPacket/DogKnight/Texture/MS.png
  artifactKey: Guid(f4da30a223a78034fbc3c563d2a924a7) Importer(815301076,1909f56bfc062723c751e8b465ee728b)
Start importing Assets/AssetsPacket/DogKnight/Texture/MS.png using Guid(f4da30a223a78034fbc3c563d2a924a7) Importer(815301076,1909f56bfc062723c751e8b465ee728b)  -> (artifact id: 'df5d8e3854c6011a46f3e1813f3feefa') in 0.022641 seconds 
========================================================================
Received Import Request.
  Time since last request: 0.000019 seconds.
  path: Assets/AssetsPacket/DogKnight/Texture/StandardAlbedo.png
  artifactKey: Guid(5b981358eaa6be84dbe67e39c78e448b) Importer(815301076,1909f56bfc062723c751e8b465ee728b)
Start importing Assets/AssetsPacket/DogKnight/Texture/StandardAlbedo.png using Guid(5b981358eaa6be84dbe67e39c78e448b) Importer(815301076,1909f56bfc062723c751e8b465ee728b)  -> (artifact id: '8d11282289699fec75987075e345f4dc') in 0.019267 seconds 
========================================================================
Received Import Request.
  Time since last request: 4841.376092 seconds.
  path: Assets/AssetsPacket/Aprenda Unity/Particles/Materials/PolygonParticleFX_Leave.png
  artifactKey: Guid(da01a20cc90345948b6eaae7ec14bf1a) Importer(815301076,1909f56bfc062723c751e8b465ee728b)
Start importing Assets/AssetsPacket/Aprenda Unity/Particles/Materials/PolygonParticleFX_Leave.png using Guid(da01a20cc90345948b6eaae7ec14bf1a) Importer(815301076,1909f56bfc062723c751e8b465ee728b)  -> (artifact id: '6e1e6bcad5beb8ac34a8a7f8ca03abc3') in 0.042434 seconds 
========================================================================
Received Import Request.
  Time since last request: 0.000072 seconds.
  path: Assets/AssetsPacket/Aprenda Unity/Particles/Materials/PolygonParticleFX_Swipe_02.mat
  artifactKey: Guid(413cbb0543875484fb2ad3f1d0a537de) Importer(815301076,1909f56bfc062723c751e8b465ee728b)
Start importing Assets/AssetsPacket/Aprenda Unity/Particles/Materials/PolygonParticleFX_Swipe_02.mat using Guid(413cbb0543875484fb2ad3f1d0a537de) Importer(815301076,1909f56bfc062723c751e8b465ee728b)  -> (artifact id: '23a28755e562e170e942197c54fa2413') in 0.026568 seconds 
========================================================================
Received Import Request.
  Time since last request: 0.357130 seconds.
  path: Assets/AssetsPacket/Aprenda Unity/Particles/Models/FX_Spark_01.fbx
  artifactKey: Guid(f870a2bb43691584296e16a56b98920b) Importer(815301076,1909f56bfc062723c751e8b465ee728b)
Start importing Assets/AssetsPacket/Aprenda Unity/Particles/Models/FX_Spark_01.fbx using Guid(f870a2bb43691584296e16a56b98920b) Importer(815301076,1909f56bfc062723c751e8b465ee728b)  -> (artifact id: 'c9d790b40a4eb48bed42104c65046f82') in 0.017641 seconds 
========================================================================
Received Import Request.
  Time since last request: 0.409849 seconds.
  path: Assets/AssetsPacket/Aprenda Unity/Particles/Textures/PolygonParticles_Sparkle.png
  artifactKey: Guid(3ccce67bd48bfcd459a2ef0393fdf83e) Importer(815301076,1909f56bfc062723c751e8b465ee728b)
Start importing Assets/AssetsPacket/Aprenda Unity/Particles/Textures/PolygonParticles_Sparkle.png using Guid(3ccce67bd48bfcd459a2ef0393fdf83e) Importer(815301076,1909f56bfc062723c751e8b465ee728b)  -> (artifact id: 'ec1117f33c664c723b2380708accb902') in 0.017817 seconds 
========================================================================
Received Import Request.
  Time since last request: 0.000017 seconds.
  path: Assets/AssetsPacket/Aprenda Unity/Particles/Textures/PolygonParticles_Swipe_02.png
  artifactKey: Guid(a9a7424a52149bb4b84da7a71341f1df) Importer(815301076,1909f56bfc062723c751e8b465ee728b)
Start importing Assets/AssetsPacket/Aprenda Unity/Particles/Textures/PolygonParticles_Swipe_02.png using Guid(a9a7424a52149bb4b84da7a71341f1df) Importer(815301076,1909f56bfc062723c751e8b465ee728b)  -> (artifact id: 'e96b9b20165db80be49439f4e07e1ab0') in 0.018940 seconds 
========================================================================
Received Import Request.
  Time since last request: 77.356292 seconds.
  path: Assets/AssetsPacket/DogKnight/promotion.jpg
  artifactKey: Guid(f27d7537e17799e47be587331b9ef52b) Importer(815301076,1909f56bfc062723c751e8b465ee728b)
Start importing Assets/AssetsPacket/DogKnight/promotion.jpg using Guid(f27d7537e17799e47be587331b9ef52b) Importer(815301076,1909f56bfc062723c751e8b465ee728b)  -> (artifact id: 'ef940d72d411314a15eaa3a65f7043e4') in 0.019358 seconds 
========================================================================
Received Import Request.
  Time since last request: 13.629388 seconds.
  path: Assets/AssetsPacket/SimpleNaturePack/Models/Bush_01.fbx
  artifactKey: Guid(d8ea93d2d4757e444a5349f4bc849128) Importer(815301076,1909f56bfc062723c751e8b465ee728b)
Start importing Assets/AssetsPacket/SimpleNaturePack/Models/Bush_01.fbx using Guid(d8ea93d2d4757e444a5349f4bc849128) Importer(815301076,1909f56bfc062723c751e8b465ee728b)  -> (artifact id: '66af2d56c339daf413da3d0951a701e6') in 0.038479 seconds 
========================================================================
Received Import Request.
  Time since last request: 0.000023 seconds.
  path: Assets/AssetsPacket/SimpleNaturePack/Models/Rock_02.fbx
  artifactKey: Guid(3a775dc2c1a334b45a5667a56fe92c23) Importer(815301076,1909f56bfc062723c751e8b465ee728b)
Start importing Assets/AssetsPacket/SimpleNaturePack/Models/Rock_02.fbx using Guid(3a775dc2c1a334b45a5667a56fe92c23) Importer(815301076,1909f56bfc062723c751e8b465ee728b)  -> (artifact id: 'd1ee5144719acc884efae402bfabacb5') in 0.024528 seconds 
========================================================================
Received Import Request.
  Time since last request: 0.000043 seconds.
  path: Assets/AssetsPacket/SimpleNaturePack/Models/Rock_03.fbx
  artifactKey: Guid(14125b656fb71fd4d9d65bfe344107ad) Importer(815301076,1909f56bfc062723c751e8b465ee728b)
Start importing Assets/AssetsPacket/SimpleNaturePack/Models/Rock_03.fbx using Guid(14125b656fb71fd4d9d65bfe344107ad) Importer(815301076,1909f56bfc062723c751e8b465ee728b)  -> (artifact id: '857a886926985f4c4d6c126e2fde658c') in 0.024493 seconds 
========================================================================
Received Import Request.
  Time since last request: 0.000020 seconds.
  path: Assets/AssetsPacket/SimpleNaturePack/Models/Mushroom_01.fbx
  artifactKey: Guid(d062f5c56ffb55c4f832432ada269abe) Importer(815301076,1909f56bfc062723c751e8b465ee728b)
Start importing Assets/AssetsPacket/SimpleNaturePack/Models/Mushroom_01.fbx using Guid(d062f5c56ffb55c4f832432ada269abe) Importer(815301076,1909f56bfc062723c751e8b465ee728b)  -> (artifact id: 'b6b5345ca86c5d31e06073a58890c495') in 0.025649 seconds 
========================================================================
Received Import Request.
  Time since last request: 0.000028 seconds.
  path: Assets/AssetsPacket/SimpleNaturePack/Models/Tree_02.fbx
  artifactKey: Guid(4471b1f7f824e4d44887e1364c6fc61a) Importer(815301076,1909f56bfc062723c751e8b465ee728b)
Start importing Assets/AssetsPacket/SimpleNaturePack/Models/Tree_02.fbx using Guid(4471b1f7f824e4d44887e1364c6fc61a) Importer(815301076,1909f56bfc062723c751e8b465ee728b)  -> (artifact id: 'f3b7beaa3b854c8515582c88405ddf31') in 0.051521 seconds 
========================================================================
Received Import Request.
  Time since last request: 0.000023 seconds.
  path: Assets/AssetsPacket/SimpleNaturePack/Models/Rock_05.fbx
  artifactKey: Guid(fa2e670bb3648a84b9df8d16da25b85e) Importer(815301076,1909f56bfc062723c751e8b465ee728b)
Start importing Assets/AssetsPacket/SimpleNaturePack/Models/Rock_05.fbx using Guid(fa2e670bb3648a84b9df8d16da25b85e) Importer(815301076,1909f56bfc062723c751e8b465ee728b)  -> (artifact id: '18f09dcac8acc1d6bdb7c9f296aea5ba') in 0.029774 seconds 
========================================================================
Received Import Request.
  Time since last request: 0.000017 seconds.
  path: Assets/AssetsPacket/SimpleNaturePack/Models/Bush_03.fbx
  artifactKey: Guid(7b5a098d913a3c74692a2a9963dbd3ba) Importer(815301076,1909f56bfc062723c751e8b465ee728b)
Start importing Assets/AssetsPacket/SimpleNaturePack/Models/Bush_03.fbx using Guid(7b5a098d913a3c74692a2a9963dbd3ba) Importer(815301076,1909f56bfc062723c751e8b465ee728b)  -> (artifact id: '1b46c6073529cf2b4bfabe3614ada4a5') in 0.057247 seconds 
========================================================================
Received Import Request.
  Time since last request: 0.000027 seconds.
  path: Assets/AssetsPacket/SimpleNaturePack/Models/Tree_05.fbx
  artifactKey: Guid(603970f97e50c56488ec3c5a6febd940) Importer(815301076,1909f56bfc062723c751e8b465ee728b)
Start importing Assets/AssetsPacket/SimpleNaturePack/Models/Tree_05.fbx using Guid(603970f97e50c56488ec3c5a6febd940) Importer(815301076,1909f56bfc062723c751e8b465ee728b)  -> (artifact id: '9ac0bc517469ce040773e1451748082a') in 0.037255 seconds 
========================================================================
Received Import Request.
  Time since last request: 0.000035 seconds.
  path: Assets/AssetsPacket/SimpleNaturePack/Models/Tree_03.fbx
  artifactKey: Guid(69f0af3a0a6c73b4ab4b89eb82cdc488) Importer(815301076,1909f56bfc062723c751e8b465ee728b)
Start importing Assets/AssetsPacket/SimpleNaturePack/Models/Tree_03.fbx using Guid(69f0af3a0a6c73b4ab4b89eb82cdc488) Importer(815301076,1909f56bfc062723c751e8b465ee728b)  -> (artifact id: '1326b202120b80170e36d7f28f5f2af0') in 0.032521 seconds 
========================================================================
Received Import Request.
  Time since last request: 0.000021 seconds.
  path: Assets/AssetsPacket/SimpleNaturePack/Models/Grass_02.fbx
  artifactKey: Guid(638dc165572d2a84081d13ce1afb4d52) Importer(815301076,1909f56bfc062723c751e8b465ee728b)
Start importing Assets/AssetsPacket/SimpleNaturePack/Models/Grass_02.fbx using Guid(638dc165572d2a84081d13ce1afb4d52) Importer(815301076,1909f56bfc062723c751e8b465ee728b)  -> (artifact id: 'ce4a861510c56134bef84351d77fbb40') in 0.036420 seconds 
========================================================================
Received Import Request.
  Time since last request: 0.000023 seconds.
  path: Assets/AssetsPacket/SimpleNaturePack/Models/Ground_01.fbx
  artifactKey: Guid(d4ad967689295ba4eaf8baeaebc8721b) Importer(815301076,1909f56bfc062723c751e8b465ee728b)
Start importing Assets/AssetsPacket/SimpleNaturePack/Models/Ground_01.fbx using Guid(d4ad967689295ba4eaf8baeaebc8721b) Importer(815301076,1909f56bfc062723c751e8b465ee728b)  -> (artifact id: '96bc7e4c73b9f1299cc3d601ea08ad5f') in 0.018875 seconds 
========================================================================
Received Import Request.
  Time since last request: 0.000029 seconds.
  path: Assets/AssetsPacket/SimpleNaturePack/Models/Bush_02.fbx
  artifactKey: Guid(ba52853a69186a841a52a9cc2e9b77fa) Importer(815301076,1909f56bfc062723c751e8b465ee728b)
Start importing Assets/AssetsPacket/SimpleNaturePack/Models/Bush_02.fbx using Guid(ba52853a69186a841a52a9cc2e9b77fa) Importer(815301076,1909f56bfc062723c751e8b465ee728b)  -> (artifact id: '722a3256e25d3372fe387eec0a2c0f40') in 0.021959 seconds 
========================================================================
Received Import Request.
  Time since last request: 0.000029 seconds.
  path: Assets/AssetsPacket/SimpleNaturePack/Models/Grass_01.fbx
  artifactKey: Guid(ad3119cbd6dce024e8460ef32dec49df) Importer(815301076,1909f56bfc062723c751e8b465ee728b)
Start importing Assets/AssetsPacket/SimpleNaturePack/Models/Grass_01.fbx using Guid(ad3119cbd6dce024e8460ef32dec49df) Importer(815301076,1909f56bfc062723c751e8b465ee728b)  -> (artifact id: 'fbcf6c5cd1812d86f7d02bbb12eadc47') in 0.030055 seconds 
========================================================================
Received Import Request.
  Time since last request: 0.138508 seconds.
  path: Assets/AssetsPacket/SimpleNaturePack/Prefabs/Bush_01.prefab
  artifactKey: Guid(3cdafb3c2f54d434894928d72d282874) Importer(815301076,1909f56bfc062723c751e8b465ee728b)
Start importing Assets/AssetsPacket/SimpleNaturePack/Prefabs/Bush_01.prefab using Guid(3cdafb3c2f54d434894928d72d282874) Importer(815301076,1909f56bfc062723c751e8b465ee728b)  -> (artifact id: 'fb7c9521b8cadaa3ec9b4f549155901d') in 0.018507 seconds 
========================================================================
Received Import Request.
  Time since last request: 0.000021 seconds.
  path: Assets/AssetsPacket/SimpleNaturePack/Prefabs/Tree_04.prefab
  artifactKey: Guid(f0c16f0ea935ea64297ca1d4d55d9746) Importer(815301076,1909f56bfc062723c751e8b465ee728b)
Start importing Assets/AssetsPacket/SimpleNaturePack/Prefabs/Tree_04.prefab using Guid(f0c16f0ea935ea64297ca1d4d55d9746) Importer(815301076,1909f56bfc062723c751e8b465ee728b)  -> (artifact id: 'c9d38b4b610aef84f56ec00b2b333fdb') in 0.015251 seconds 
========================================================================
Received Import Request.
  Time since last request: 0.000021 seconds.
  path: Assets/AssetsPacket/SimpleNaturePack/Prefabs/Tree_01.prefab
  artifactKey: Guid(88f2fd29f58b9734683512546acec310) Importer(815301076,1909f56bfc062723c751e8b465ee728b)
Start importing Assets/AssetsPacket/SimpleNaturePack/Prefabs/Tree_01.prefab using Guid(88f2fd29f58b9734683512546acec310) Importer(815301076,1909f56bfc062723c751e8b465ee728b)  -> (artifact id: '851e3b17d79acf7e2d33c3ca86172602') in 0.021466 seconds 
========================================================================
Received Import Request.
  Time since last request: 0.000029 seconds.
  path: Assets/AssetsPacket/SimpleNaturePack/Prefabs/Ground_01.prefab
  artifactKey: Guid(ebee340de387f334f9ac44e044abd8fb) Importer(815301076,1909f56bfc062723c751e8b465ee728b)
Start importing Assets/AssetsPacket/SimpleNaturePack/Prefabs/Ground_01.prefab using Guid(ebee340de387f334f9ac44e044abd8fb) Importer(815301076,1909f56bfc062723c751e8b465ee728b)  -> (artifact id: 'b61c6fa928de3f5818726e4c1af4420e') in 0.019510 seconds 
========================================================================
Received Import Request.
  Time since last request: 0.000034 seconds.
  path: Assets/AssetsPacket/SimpleNaturePack/Prefabs/Ground_03.prefab
  artifactKey: Guid(3f9b178ccd3b86f4ebbfc1f5a2815e56) Importer(815301076,1909f56bfc062723c751e8b465ee728b)
Start importing Assets/AssetsPacket/SimpleNaturePack/Prefabs/Ground_03.prefab using Guid(3f9b178ccd3b86f4ebbfc1f5a2815e56) Importer(815301076,1909f56bfc062723c751e8b465ee728b)  -> (artifact id: '7032b2f80ed2503a4a32927f5439834a') in 0.020384 seconds 
========================================================================
Received Import Request.
  Time since last request: 0.000064 seconds.
  path: Assets/AssetsPacket/SimpleNaturePack/Prefabs/Flowers_01.prefab
  artifactKey: Guid(ac8efb728f1fb9b4092c4df591c827ca) Importer(815301076,1909f56bfc062723c751e8b465ee728b)
Start importing Assets/AssetsPacket/SimpleNaturePack/Prefabs/Flowers_01.prefab using Guid(ac8efb728f1fb9b4092c4df591c827ca) Importer(815301076,1909f56bfc062723c751e8b465ee728b)  -> (artifact id: 'fcc6a6d5f46dbea8252fbe47b765fea8') in 0.021647 seconds 
========================================================================
Received Import Request.
  Time since last request: 0.000024 seconds.
  path: Assets/AssetsPacket/SimpleNaturePack/Prefabs/Stump_01.prefab
  artifactKey: Guid(eebb56c82efbd8d4bb0eb6bd925a0e9d) Importer(815301076,1909f56bfc062723c751e8b465ee728b)
Start importing Assets/AssetsPacket/SimpleNaturePack/Prefabs/Stump_01.prefab using Guid(eebb56c82efbd8d4bb0eb6bd925a0e9d) Importer(815301076,1909f56bfc062723c751e8b465ee728b)  -> (artifact id: '571ceba13ed1d498275ff5e9e47a57f6') in 0.019517 seconds 
========================================================================
Received Import Request.
  Time since last request: 0.000028 seconds.
  path: Assets/AssetsPacket/SimpleNaturePack/Prefabs/Tree_02.prefab
  artifactKey: Guid(e289bf5debb17f6459818c207d781953) Importer(815301076,1909f56bfc062723c751e8b465ee728b)
Start importing Assets/AssetsPacket/SimpleNaturePack/Prefabs/Tree_02.prefab using Guid(e289bf5debb17f6459818c207d781953) Importer(815301076,1909f56bfc062723c751e8b465ee728b)  -> (artifact id: '4e78b3480657eb89090703044b755228') in 0.018256 seconds 
========================================================================
Received Import Request.
  Time since last request: 0.000025 seconds.
  path: Assets/AssetsPacket/SimpleNaturePack/Prefabs/Rock_01.prefab
  artifactKey: Guid(c6308cb7062fac34e8e50600086b12a1) Importer(815301076,1909f56bfc062723c751e8b465ee728b)
Start importing Assets/AssetsPacket/SimpleNaturePack/Prefabs/Rock_01.prefab using Guid(c6308cb7062fac34e8e50600086b12a1) Importer(815301076,1909f56bfc062723c751e8b465ee728b)  -> (artifact id: '03729f77fe5b14fc12a683decfdee7ba') in 0.017121 seconds 
========================================================================
Received Import Request.
  Time since last request: 0.000027 seconds.
  path: Assets/AssetsPacket/SimpleNaturePack/Prefabs/Tree_03.prefab
  artifactKey: Guid(c60edd51c065ceb46b345849a03bc106) Importer(815301076,1909f56bfc062723c751e8b465ee728b)
Start importing Assets/AssetsPacket/SimpleNaturePack/Prefabs/Tree_03.prefab using Guid(c60edd51c065ceb46b345849a03bc106) Importer(815301076,1909f56bfc062723c751e8b465ee728b)  -> (artifact id: '500ecaaec8781680405b650b81f98cf8') in 0.025123 seconds 
========================================================================
Received Import Request.
  Time since last request: 0.000027 seconds.
  path: Assets/AssetsPacket/SimpleNaturePack/Prefabs/Flowers_02.prefab
  artifactKey: Guid(299e7a1cb6456cf4fa6079cf5978df9b) Importer(815301076,1909f56bfc062723c751e8b465ee728b)
Start importing Assets/AssetsPacket/SimpleNaturePack/Prefabs/Flowers_02.prefab using Guid(299e7a1cb6456cf4fa6079cf5978df9b) Importer(815301076,1909f56bfc062723c751e8b465ee728b)  -> (artifact id: '72d1b0d5bbb79c3ac0a6869b5736ec3a') in 0.014750 seconds 
========================================================================
Received Import Request.
  Time since last request: 2.872044 seconds.
  path: Assets/AssetsPacket/SimpleNaturePack/Materials/SimpleNaturePack_Texture_01.mat
  artifactKey: Guid(93caadf4359ae8143aad35b3145d31af) Importer(815301076,1909f56bfc062723c751e8b465ee728b)
Start importing Assets/AssetsPacket/SimpleNaturePack/Materials/SimpleNaturePack_Texture_01.mat using Guid(93caadf4359ae8143aad35b3145d31af) Importer(815301076,1909f56bfc062723c751e8b465ee728b)  -> (artifact id: 'b4a24cfe6f7f59b9900fdaa256592f79') in 0.023579 seconds 
========================================================================
Received Import Request.
  Time since last request: 2.265098 seconds.
  path: Assets/AssetsPacket/RPG Monster DUO PBR Polyart/Animations/TurtleShell/Attack02_TurtleShell_Anim.fbx
  artifactKey: Guid(38db71b772e940b791a0d173406cbb04) Importer(815301076,1909f56bfc062723c751e8b465ee728b)
Start importing Assets/AssetsPacket/RPG Monster DUO PBR Polyart/Animations/TurtleShell/Attack02_TurtleShell_Anim.fbx using Guid(38db71b772e940b791a0d173406cbb04) Importer(815301076,1909f56bfc062723c751e8b465ee728b)  -> (artifact id: '01192e2b8cc4d01096f7ea5a8da1804f') in 0.036103 seconds 
========================================================================
Received Import Request.
  Time since last request: 0.000019 seconds.
  path: Assets/AssetsPacket/RPG Monster DUO PBR Polyart/Animations/TurtleShell/IdleNormal_TurtleShell_Anim.fbx
  artifactKey: Guid(1f583387dcc14604b6836cea4b8d68d0) Importer(815301076,1909f56bfc062723c751e8b465ee728b)
Start importing Assets/AssetsPacket/RPG Monster DUO PBR Polyart/Animations/TurtleShell/IdleNormal_TurtleShell_Anim.fbx using Guid(1f583387dcc14604b6836cea4b8d68d0) Importer(815301076,1909f56bfc062723c751e8b465ee728b)  -> (artifact id: '10434b437397ae4bd685c78f64164273') in 0.066860 seconds 
========================================================================
Received Import Request.
  Time since last request: 0.000021 seconds.
  path: Assets/AssetsPacket/RPG Monster DUO PBR Polyart/Animations/TurtleShell/Victory_TurtleShell_Anim.fbx
  artifactKey: Guid(e80217b862954c6fb42b39ddd149cf64) Importer(815301076,1909f56bfc062723c751e8b465ee728b)
Start importing Assets/AssetsPacket/RPG Monster DUO PBR Polyart/Animations/TurtleShell/Victory_TurtleShell_Anim.fbx using Guid(e80217b862954c6fb42b39ddd149cf64) Importer(815301076,1909f56bfc062723c751e8b465ee728b)  -> (artifact id: '0909f3eae6a0ac01ee1ef1bc6070d635') in 0.043844 seconds 
========================================================================
Received Import Request.
  Time since last request: 0.000024 seconds.
  path: Assets/AssetsPacket/RPG Monster DUO PBR Polyart/Animations/TurtleShell/IdleBattle_TurtleShell_Anim.fbx
  artifactKey: Guid(eee9d7beb7b440a58147d924f277c7ce) Importer(815301076,1909f56bfc062723c751e8b465ee728b)
Start importing Assets/AssetsPacket/RPG Monster DUO PBR Polyart/Animations/TurtleShell/IdleBattle_TurtleShell_Anim.fbx using Guid(eee9d7beb7b440a58147d924f277c7ce) Importer(815301076,1909f56bfc062723c751e8b465ee728b)  -> (artifact id: '72d4a354a2672c87a42bade25b7ee7f0') in 0.049769 seconds 
========================================================================
Received Import Request.
  Time since last request: 0.000025 seconds.
  path: Assets/AssetsPacket/RPG Monster DUO PBR Polyart/Animations/TurtleShell/WalkRight_TurtleShell_Anim.fbx
  artifactKey: Guid(34ddd76623304506b7d52b3d17924e87) Importer(815301076,1909f56bfc062723c751e8b465ee728b)
Start importing Assets/AssetsPacket/RPG Monster DUO PBR Polyart/Animations/TurtleShell/WalkRight_TurtleShell_Anim.fbx using Guid(34ddd76623304506b7d52b3d17924e87) Importer(815301076,1909f56bfc062723c751e8b465ee728b)  -> (artifact id: '8da0ee698a8c7e11b61a6f4057bb1da1') in 0.048119 seconds 
========================================================================
Received Import Request.
  Time since last request: 0.000031 seconds.
  path: Assets/AssetsPacket/RPG Monster DUO PBR Polyart/Animations/TurtleShell/Run_TurtleShell_Anim.fbx
  artifactKey: Guid(60dd7ef4512a4404896e945d3004f2b6) Importer(815301076,1909f56bfc062723c751e8b465ee728b)
Start importing Assets/AssetsPacket/RPG Monster DUO PBR Polyart/Animations/TurtleShell/Run_TurtleShell_Anim.fbx using Guid(60dd7ef4512a4404896e945d3004f2b6) Importer(815301076,1909f56bfc062723c751e8b465ee728b)  -> (artifact id: 'cad0366f8b04dec70358061fc78dbe2d') in 0.040234 seconds 
========================================================================
Received Import Request.
  Time since last request: 0.000025 seconds.
  path: Assets/AssetsPacket/RPG Monster DUO PBR Polyart/Animations/TurtleShell/Taunt_TurtleShell_Anim.fbx
  artifactKey: Guid(04810a4318d746d39ffa6c64084ca93a) Importer(815301076,1909f56bfc062723c751e8b465ee728b)
Start importing Assets/AssetsPacket/RPG Monster DUO PBR Polyart/Animations/TurtleShell/Taunt_TurtleShell_Anim.fbx using Guid(04810a4318d746d39ffa6c64084ca93a) Importer(815301076,1909f56bfc062723c751e8b465ee728b)  -> (artifact id: 'fff644272b3c71456f815d36c18e3bc1') in 0.036474 seconds 
========================================================================
Received Import Request.
  Time since last request: 0.130998 seconds.
  path: Assets/AssetsPacket/RPG Monster DUO PBR Polyart/Animations/Slime/Attack02_Slime_Anim.fbx
  artifactKey: Guid(ced1d66978a144d0b646ff621ebe620c) Importer(815301076,1909f56bfc062723c751e8b465ee728b)
Start importing Assets/AssetsPacket/RPG Monster DUO PBR Polyart/Animations/Slime/Attack02_Slime_Anim.fbx using Guid(ced1d66978a144d0b646ff621ebe620c) Importer(815301076,1909f56bfc062723c751e8b465ee728b)  -> (artifact id: '5d19593123cdc1deacacb7148b649a1f') in 0.023315 seconds 
========================================================================
Received Import Request.
  Time since last request: 0.000036 seconds.
  path: Assets/AssetsPacket/RPG Monster DUO PBR Polyart/Animations/Slime/SenseSomethingRoutine_Slime_Anim.fbx
  artifactKey: Guid(7e80111fc2ac479cb295560ad5634f40) Importer(815301076,1909f56bfc062723c751e8b465ee728b)
Start importing Assets/AssetsPacket/RPG Monster DUO PBR Polyart/Animations/Slime/SenseSomethingRoutine_Slime_Anim.fbx using Guid(7e80111fc2ac479cb295560ad5634f40) Importer(815301076,1909f56bfc062723c751e8b465ee728b)  -> (artifact id: 'd664e352e17b6032bd70f24b56f44df8') in 0.024776 seconds 
========================================================================
Received Import Request.
  Time since last request: 0.000023 seconds.
  path: Assets/AssetsPacket/RPG Monster DUO PBR Polyart/Animations/Slime/GetHit_Slime_Anim.fbx
  artifactKey: Guid(08c3544f7f1144268bcc2a28cb6209e7) Importer(815301076,1909f56bfc062723c751e8b465ee728b)
Start importing Assets/AssetsPacket/RPG Monster DUO PBR Polyart/Animations/Slime/GetHit_Slime_Anim.fbx using Guid(08c3544f7f1144268bcc2a28cb6209e7) Importer(815301076,1909f56bfc062723c751e8b465ee728b)  -> (artifact id: 'e456c59c63eb7ce74f134e73123578eb') in 0.022565 seconds 
========================================================================
Received Import Request.
  Time since last request: 0.000026 seconds.
  path: Assets/AssetsPacket/RPG Monster DUO PBR Polyart/Animations/Slime/WalkRight_Slime_Anim.fbx
  artifactKey: Guid(e03c29f8137848c2938727e9140a9a43) Importer(815301076,1909f56bfc062723c751e8b465ee728b)
Start importing Assets/AssetsPacket/RPG Monster DUO PBR Polyart/Animations/Slime/WalkRight_Slime_Anim.fbx using Guid(e03c29f8137848c2938727e9140a9a43) Importer(815301076,1909f56bfc062723c751e8b465ee728b)  -> (artifact id: '12526ab62b0c87aeeaf5e09c505e1906') in 0.025257 seconds 
========================================================================
Received Import Request.
  Time since last request: 0.000022 seconds.
  path: Assets/AssetsPacket/RPG Monster DUO PBR Polyart/Animations/Slime/Walk_Slime_Anim.fbx
  artifactKey: Guid(5b283b002bf74fc4b827cc4e67b99155) Importer(815301076,1909f56bfc062723c751e8b465ee728b)
Start importing Assets/AssetsPacket/RPG Monster DUO PBR Polyart/Animations/Slime/Walk_Slime_Anim.fbx using Guid(5b283b002bf74fc4b827cc4e67b99155) Importer(815301076,1909f56bfc062723c751e8b465ee728b)  -> (artifact id: '1c97b43d1f3adc6de43304f3602fea67') in 0.022672 seconds 
========================================================================
Received Import Request.
  Time since last request: 0.432013 seconds.
  path: Assets/AssetsPacket/RPG Monster DUO PBR Polyart/Materials/PolyartDefault.mat
  artifactKey: Guid(f5f7d4d2b3764ec4aa59441ec6c2697b) Importer(815301076,1909f56bfc062723c751e8b465ee728b)
Start importing Assets/AssetsPacket/RPG Monster DUO PBR Polyart/Materials/PolyartDefault.mat using Guid(f5f7d4d2b3764ec4aa59441ec6c2697b) Importer(815301076,1909f56bfc062723c751e8b465ee728b)  -> (artifact id: 'de759f49b3741a6227041143f8d27074') in 0.021508 seconds 
========================================================================
Received Import Request.
  Time since last request: 0.000022 seconds.
  path: Assets/AssetsPacket/RPG Monster DUO PBR Polyart/Materials/Stage.mat
  artifactKey: Guid(abaea1a47e73483590f52e512a9adda3) Importer(815301076,1909f56bfc062723c751e8b465ee728b)
Start importing Assets/AssetsPacket/RPG Monster DUO PBR Polyart/Materials/Stage.mat using Guid(abaea1a47e73483590f52e512a9adda3) Importer(815301076,1909f56bfc062723c751e8b465ee728b)  -> (artifact id: 'f6a7d1db26a27ac49ce1a5be10dec9e0') in 0.021273 seconds 
========================================================================
Received Import Request.
  Time since last request: 0.498331 seconds.
  path: Assets/AssetsPacket/RPG Monster DUO PBR Polyart/Meshes/SlimePolyartMesh.fbx
  artifactKey: Guid(56fc0b4f7d154039a7099564596a545b) Importer(815301076,1909f56bfc062723c751e8b465ee728b)
Start importing Assets/AssetsPacket/RPG Monster DUO PBR Polyart/Meshes/SlimePolyartMesh.fbx using Guid(56fc0b4f7d154039a7099564596a545b) Importer(815301076,1909f56bfc062723c751e8b465ee728b)  -> (artifact id: '76c0e6fd846b3c6117867a046b98421f') in 0.017872 seconds 
========================================================================
Received Import Request.
  Time since last request: 3.240526 seconds.
  path: Assets/AssetsPacket/HUD/Sprites/Heart.png
  artifactKey: Guid(9a8e023b5e66b0d478386a07d1627765) Importer(815301076,1909f56bfc062723c751e8b465ee728b)
Start importing Assets/AssetsPacket/HUD/Sprites/Heart.png using Guid(9a8e023b5e66b0d478386a07d1627765) Importer(815301076,1909f56bfc062723c751e8b465ee728b)  -> (artifact id: '71f8ba71cbca87bf45734a55c6c38bda') in 0.014949 seconds 
========================================================================
Received Import Request.
  Time since last request: 48.559386 seconds.
  path: Assets/MapaAula/Grass.prefab
  artifactKey: Guid(c893c5417a47c3742ae3ef5f0ba47ee9) Importer(815301076,1909f56bfc062723c751e8b465ee728b)
Start importing Assets/MapaAula/Grass.prefab using Guid(c893c5417a47c3742ae3ef5f0ba47ee9) Importer(815301076,1909f56bfc062723c751e8b465ee728b)  -> (artifact id: '02bc05f7e4b90f96460617930ba2972f') in 0.048870 seconds 
========================================================================
Received Import Request.
  Time since last request: 0.000041 seconds.
  path: Assets/AssetsPacket/RPG Monster DUO PBR Polyart/Scenes/PBR/Sub Light.prefab
  artifactKey: Guid(37f2264ecfa34be2af8d775d18a37aad) Importer(815301076,1909f56bfc062723c751e8b465ee728b)
Start importing Assets/AssetsPacket/RPG Monster DUO PBR Polyart/Scenes/PBR/Sub Light.prefab using Guid(37f2264ecfa34be2af8d775d18a37aad) Importer(815301076,1909f56bfc062723c751e8b465ee728b)  -> (artifact id: '824a97920bc595aee8c2ab7170e2e2a8') in 0.009597 seconds 
========================================================================
Received Import Request.
  Time since last request: 0.000019 seconds.
  path: Assets/TextMesh Pro/Examples & Extras/Prefabs/Text Popup.prefab
  artifactKey: Guid(b06f0e6c1dfa4356ac918da1bb32c603) Importer(815301076,1909f56bfc062723c751e8b465ee728b)
Start importing Assets/TextMesh Pro/Examples & Extras/Prefabs/Text Popup.prefab using Guid(b06f0e6c1dfa4356ac918da1bb32c603) Importer(815301076,1909f56bfc062723c751e8b465ee728b)  -> (artifact id: '23728d73248ae8443d232f0da96d1abf') in 0.082761 seconds 
========================================================================
Received Import Request.
  Time since last request: 0.000048 seconds.
  path: Assets/AssetsPacket/RPG Monster DUO PBR Polyart/Scenes/PBR/StageMesh.prefab
  artifactKey: Guid(56dbe38adfb34b378b6283645e246a41) Importer(815301076,1909f56bfc062723c751e8b465ee728b)
Start importing Assets/AssetsPacket/RPG Monster DUO PBR Polyart/Scenes/PBR/StageMesh.prefab using Guid(56dbe38adfb34b378b6283645e246a41) Importer(815301076,1909f56bfc062723c751e8b465ee728b)  -> (artifact id: '0f1d7c19d2ec3795af3b6f17fb0d1466') in 0.013854 seconds 
========================================================================
Received Import Request.
  Time since last request: 1.150143 seconds.
  path: Assets/TextMesh Pro/Examples & Extras/Resources/Fonts & Materials/Anton SDF - Outline.mat
  artifactKey: Guid(a00013af81304728b2be1f4309ee2433) Importer(815301076,1909f56bfc062723c751e8b465ee728b)
Start importing Assets/TextMesh Pro/Examples & Extras/Resources/Fonts & Materials/Anton SDF - Outline.mat using Guid(a00013af81304728b2be1f4309ee2433) Importer(815301076,1909f56bfc062723c751e8b465ee728b)  -> (artifact id: '5114506018f8b38515277f33b7ce9f4a') in 0.058392 seconds 
========================================================================
Received Import Request.
  Time since last request: 0.000017 seconds.
  path: Assets/TextMesh Pro/Examples & Extras/Resources/Fonts & Materials/Electronic Highway Sign SDF.asset
  artifactKey: Guid(dc36b3fdc14f47ebb36fd484a67e268a) Importer(815301076,1909f56bfc062723c751e8b465ee728b)
Start importing Assets/TextMesh Pro/Examples & Extras/Resources/Fonts & Materials/Electronic Highway Sign SDF.asset using Guid(dc36b3fdc14f47ebb36fd484a67e268a) Importer(815301076,1909f56bfc062723c751e8b465ee728b)  -> (artifact id: '0854b4e141e1d0f6699e162eee67be8b') in 0.019332 seconds 
========================================================================
Received Import Request.
  Time since last request: 0.000063 seconds.
  path: Assets/TextMesh Pro/Resources/Fonts & Materials/LiberationSans SDF - Outline.mat
  artifactKey: Guid(79459efec17a4d00a321bdcc27bbc385) Importer(815301076,1909f56bfc062723c751e8b465ee728b)
Start importing Assets/TextMesh Pro/Resources/Fonts & Materials/LiberationSans SDF - Outline.mat using Guid(79459efec17a4d00a321bdcc27bbc385) Importer(815301076,1909f56bfc062723c751e8b465ee728b)  -> (artifact id: 'b1e561354018426b2c80a1e2f4735c10') in 0.026803 seconds 
========================================================================
Received Import Request.
  Time since last request: 0.000030 seconds.
  path: Assets/TextMesh Pro/Examples & Extras/Fonts/Roboto-Bold.ttf
  artifactKey: Guid(4beb055f07aaff244873dec698d0363e) Importer(815301076,1909f56bfc062723c751e8b465ee728b)
Start importing Assets/TextMesh Pro/Examples & Extras/Fonts/Roboto-Bold.ttf using Guid(4beb055f07aaff244873dec698d0363e) Importer(815301076,1909f56bfc062723c751e8b465ee728b)  -> (artifact id: '556b69e757dbe8e2339a7e8575587732') in 0.020501 seconds 
========================================================================
Received Import Request.
  Time since last request: 0.000019 seconds.
  path: Assets/TextMesh Pro/Resources/Fonts & Materials/LiberationSans SDF - Fallback.asset
  artifactKey: Guid(2e498d1c8094910479dc3e1b768306a4) Importer(815301076,1909f56bfc062723c751e8b465ee728b)
Start importing Assets/TextMesh Pro/Resources/Fonts & Materials/LiberationSans SDF - Fallback.asset using Guid(2e498d1c8094910479dc3e1b768306a4) Importer(815301076,1909f56bfc062723c751e8b465ee728b)  -> (artifact id: 'd83a395d2eef8ab937557154f1916bfc') in 0.019003 seconds 
========================================================================
Received Import Request.
  Time since last request: 0.000026 seconds.
  path: Assets/TextMesh Pro/Examples & Extras/Resources/Fonts & Materials/Bangers SDF - Drop Shadow.mat
  artifactKey: Guid(f2dcf029949142e28b974630369c8b4e) Importer(815301076,1909f56bfc062723c751e8b465ee728b)
Start importing Assets/TextMesh Pro/Examples & Extras/Resources/Fonts & Materials/Bangers SDF - Drop Shadow.mat using Guid(f2dcf029949142e28b974630369c8b4e) Importer(815301076,1909f56bfc062723c751e8b465ee728b)  -> (artifact id: 'd8e8bd0d1392786a20e5f95aa0f7d538') in 0.057944 seconds 
========================================================================
Received Import Request.
  Time since last request: 0.000028 seconds.
  path: Assets/TextMesh Pro/Resources/Fonts & Materials/LiberationSans SDF - Drop Shadow.mat
  artifactKey: Guid(e73a58f6e2794ae7b1b7e50b7fb811b0) Importer(815301076,1909f56bfc062723c751e8b465ee728b)
Start importing Assets/TextMesh Pro/Resources/Fonts & Materials/LiberationSans SDF - Drop Shadow.mat using Guid(e73a58f6e2794ae7b1b7e50b7fb811b0) Importer(815301076,1909f56bfc062723c751e8b465ee728b)  -> (artifact id: 'f252bd64d1033fbae73c1daf8ae1c0c5') in 0.027406 seconds 
========================================================================
Received Import Request.
  Time since last request: 0.000029 seconds.
  path: Assets/TextMesh Pro/Examples & Extras/Materials/Ground - Surface Shader Scene.mat
  artifactKey: Guid(aadd5a709a48466c887296bb5b1b8110) Importer(815301076,1909f56bfc062723c751e8b465ee728b)
Start importing Assets/TextMesh Pro/Examples & Extras/Materials/Ground - Surface Shader Scene.mat using Guid(aadd5a709a48466c887296bb5b1b8110) Importer(815301076,1909f56bfc062723c751e8b465ee728b)  -> (artifact id: 'ab6ec16bebd21540f442cf1aa8fca640') in 0.015153 seconds 
========================================================================
Received Import Request.
  Time since last request: 0.000035 seconds.
  path: Assets/TextMesh Pro/Examples & Extras/Fonts/Bangers.ttf
  artifactKey: Guid(5dd49b3eacc540408c98eee0de38e0f1) Importer(815301076,1909f56bfc062723c751e8b465ee728b)
Start importing Assets/TextMesh Pro/Examples & Extras/Fonts/Bangers.ttf using Guid(5dd49b3eacc540408c98eee0de38e0f1) Importer(815301076,1909f56bfc062723c751e8b465ee728b)  -> (artifact id: '8143402d22029970b128b219e5fbb318') in 0.017705 seconds 
========================================================================
Received Import Request.
  Time since last request: 0.000025 seconds.
  path: Assets/TextMesh Pro/Resources/Fonts & Materials/LiberationSans SDF.asset
  artifactKey: Guid(8f586378b4e144a9851e7b34d9b748ee) Importer(815301076,1909f56bfc062723c751e8b465ee728b)
Start importing Assets/TextMesh Pro/Resources/Fonts & Materials/LiberationSans SDF.asset using Guid(8f586378b4e144a9851e7b34d9b748ee) Importer(815301076,1909f56bfc062723c751e8b465ee728b)  -> (artifact id: 'c4e110d558a9bbbb583be5a85b2d6a7f') in 0.037223 seconds 
========================================================================
Received Import Request.
  Time since last request: 0.000023 seconds.
  path: Assets/TextMesh Pro/Examples & Extras/Materials/Ground - Logo Scene.mat
  artifactKey: Guid(c719e38f25a9480abd2480ab621a2949) Importer(815301076,1909f56bfc062723c751e8b465ee728b)
Start importing Assets/TextMesh Pro/Examples & Extras/Materials/Ground - Logo Scene.mat using Guid(c719e38f25a9480abd2480ab621a2949) Importer(815301076,1909f56bfc062723c751e8b465ee728b)  -> (artifact id: 'd4aa2d1c0ba5631c1d91e600cb6d98c6') in 0.015601 seconds 
========================================================================
Received Import Request.
  Time since last request: 0.000027 seconds.
  path: Assets/TextMesh Pro/Examples & Extras/Resources/Fonts & Materials/Oswald Bold SDF.asset
  artifactKey: Guid(0161d805a3764c089bef00bfe00793f5) Importer(815301076,1909f56bfc062723c751e8b465ee728b)
Start importing Assets/TextMesh Pro/Examples & Extras/Resources/Fonts & Materials/Oswald Bold SDF.asset using Guid(0161d805a3764c089bef00bfe00793f5) Importer(815301076,1909f56bfc062723c751e8b465ee728b)  -> (artifact id: 'ddef430ec3bbe57458c6a3982930a088') in 0.021514 seconds 
========================================================================
Received Import Request.
  Time since last request: 0.000020 seconds.
  path: Assets/TextMesh Pro/Examples & Extras/Resources/Fonts & Materials/Roboto-Bold SDF - Surface.mat
  artifactKey: Guid(e6b276ec991f467aa14ef1f3cc665993) Importer(815301076,1909f56bfc062723c751e8b465ee728b)
Start importing Assets/TextMesh Pro/Examples & Extras/Resources/Fonts & Materials/Roboto-Bold SDF - Surface.mat using Guid(e6b276ec991f467aa14ef1f3cc665993) Importer(815301076,1909f56bfc062723c751e8b465ee728b)  -> (artifact id: '1ccb378f50c9ea639950ed8bd25b3406') in 0.097301 seconds 
========================================================================
Received Import Request.
  Time since last request: 0.000019 seconds.
  path: Assets/TextMesh Pro/Examples & Extras/Fonts/Anton.ttf
  artifactKey: Guid(997a43b767814dd0a7642ec9b78cba41) Importer(815301076,1909f56bfc062723c751e8b465ee728b)
Start importing Assets/TextMesh Pro/Examples & Extras/Fonts/Anton.ttf using Guid(997a43b767814dd0a7642ec9b78cba41) Importer(815301076,1909f56bfc062723c751e8b465ee728b)  -> (artifact id: 'd715a65cec22557af36e509655f99a14') in 0.017916 seconds 
Editor requested this worker to shutdown with reason: Scaling down because of idle timeout
AssetImportWorker is now disconnected from the server
Process exiting
Exiting without the bug reporter. Application will terminate with return code 0