Using pre-set license
Built from '2021.3/evg/staging/82bb020e-b03b1330/draft-0' branch; Version is '2021.3.16f1 (4016570cf34f) revision 4200023'; Using compiler version '192829333'; Build Type 'Release'
OS: 'Windows 11  (10.0.22621) 64bit CoreSingleLanguage' Language: 'en' Physical Memory: 24277 MB
BatchMode: 1, IsHumanControllingUs: 0, StartBugReporterOnCrash: 0, Is64bit: 1, IsPro: 1

COMMAND LINE ARGUMENTS:
E:\New folder\2021.3.16f1\Editor\Unity.exe
-adb2
-batchMode
-noUpm
-name
AssetImportWorker4
-projectPath
E:/_game/Second RPG 3D
-logFile
Logs/AssetImportWorker4.log
-srvPort
56658
Successfully changed project path to: E:/_game/Second RPG 3D
E:/_game/Second RPG 3D
[UnityMemory] Configuration Parameters - Can be set up in boot.config
    "memorysetup-bucket-allocator-granularity=16"
    "memorysetup-bucket-allocator-bucket-count=8"
    "memorysetup-bucket-allocator-block-size=33554432"
    "memorysetup-bucket-allocator-block-count=8"
    "memorysetup-main-allocator-block-size=16777216"
    "memorysetup-thread-allocator-block-size=16777216"
    "memorysetup-gfx-main-allocator-block-size=16777216"
    "memorysetup-gfx-thread-allocator-block-size=16777216"
    "memorysetup-cache-allocator-block-size=4194304"
    "memorysetup-typetree-allocator-block-size=2097152"
    "memorysetup-profiler-bucket-allocator-granularity=16"
    "memorysetup-profiler-bucket-allocator-bucket-count=8"
    "memorysetup-profiler-bucket-allocator-block-size=33554432"
    "memorysetup-profiler-bucket-allocator-block-count=8"
    "memorysetup-profiler-allocator-block-size=16777216"
    "memorysetup-profiler-editor-allocator-block-size=1048576"
    "memorysetup-temp-allocator-size-main=16777216"
    "memorysetup-job-temp-allocator-block-size=2097152"
    "memorysetup-job-temp-allocator-block-size-background=1048576"
    "memorysetup-job-temp-allocator-reduction-small-platforms=262144"
    "memorysetup-temp-allocator-size-background-worker=32768"
    "memorysetup-temp-allocator-size-job-worker=262144"
    "memorysetup-temp-allocator-size-preload-manager=33554432"
    "memorysetup-temp-allocator-size-nav-mesh-worker=65536"
    "memorysetup-temp-allocator-size-audio-worker=65536"
    "memorysetup-temp-allocator-size-cloud-worker=32768"
    "memorysetup-temp-allocator-size-gi-baking-worker=262144"
    "memorysetup-temp-allocator-size-gfx=262144"
Player connection [20292] Host "[IP] 10.10.21.131 [Port] 0 [Flags] 2 [Guid] 2876910005 [EditorId] 2876910005 [Version] 1048832 [Id] WindowsEditor(7,MSI) [Debug] 1 [PackageName] WindowsEditor [ProjectName] Editor" joined multi-casting on [225.0.0.222:54997]...

Player connection [20292] Host "[IP] 10.10.21.131 [Port] 0 [Flags] 2 [Guid] 2876910005 [EditorId] 2876910005 [Version] 1048832 [Id] WindowsEditor(7,MSI) [Debug] 1 [PackageName] WindowsEditor [ProjectName] Editor" joined alternative multi-casting on [225.0.0.222:34997]...

Refreshing native plugins compatible for Editor in 76.73 ms, found 3 plugins.
Preloading 0 native plugins for Editor in 0.00 ms.
Initialize engine version: 2021.3.16f1 (4016570cf34f)
[Subsystems] Discovering subsystems at path E:/New folder/2021.3.16f1/Editor/Data/Resources/UnitySubsystems
[Subsystems] Discovering subsystems at path E:/_game/Second RPG 3D/Assets
GfxDevice: creating device client; threaded=0; jobified=0
Direct3D:
    Version:  Direct3D 11.0 [level 11.1]
    Renderer: NVIDIA GeForce RTX 3050 Ti Laptop GPU (ID=0x25a0)
    Vendor:   NVIDIA
    VRAM:     3976 MB
    Driver:   31.0.15.3742
Initialize mono
Mono path[0] = 'E:/New folder/2021.3.16f1/Editor/Data/Managed'
Mono path[1] = 'E:/New folder/2021.3.16f1/Editor/Data/MonoBleedingEdge/lib/mono/unityjit-win32'
Mono config path = 'E:/New folder/2021.3.16f1/Editor/Data/MonoBleedingEdge/etc'
Using monoOptions --debugger-agent=transport=dt_socket,embedding=1,server=y,suspend=n,address=127.0.0.1:56564
Begin MonoManager ReloadAssembly
Registering precompiled unity dll's ...
Register platform support module: E:/New folder/2021.3.16f1/Editor/Data/PlaybackEngines/AndroidPlayer/UnityEditor.Android.Extensions.dll
Register platform support module: E:/New folder/2021.3.16f1/Editor/Data/PlaybackEngines/iOSSupport/UnityEditor.iOS.Extensions.dll
Register platform support module: E:/New folder/2021.3.16f1/Editor/Data/PlaybackEngines/WindowsStandaloneSupport/UnityEditor.WindowsStandalone.Extensions.dll
Registered in 0.001906 seconds.
Native extension for WindowsStandalone target not found
[usbmuxd] Start listen thread
[usbmuxd] Listen thread started
Native extension for iOS target not found
Native extension for Android target not found
Refreshing native plugins compatible for Editor in 80.59 ms, found 3 plugins.
Preloading 0 native plugins for Editor in 0.00 ms.
Mono: successfully reloaded assembly
- Completed reload, in  0.514 seconds
Domain Reload Profiling:
	ReloadAssembly (515ms)
		BeginReloadAssembly (61ms)
			ExecutionOrderSort (0ms)
			DisableScriptedObjects (0ms)
			BackupInstance (0ms)
			ReleaseScriptingObjects (0ms)
			CreateAndSetChildDomain (1ms)
		EndReloadAssembly (379ms)
			LoadAssemblies (60ms)
			RebuildTransferFunctionScriptingTraits (0ms)
			SetupTypeCache (83ms)
			ReleaseScriptCaches (0ms)
			RebuildScriptCaches (24ms)
			SetupLoadedEditorAssemblies (237ms)
				LogAssemblyErrors (0ms)
				InitializePlatformSupportModulesInManaged (47ms)
				SetLoadedEditorAssemblies (0ms)
				RefreshPlugins (81ms)
				BeforeProcessingInitializeOnLoad (1ms)
				ProcessInitializeOnLoadAttributes (73ms)
				ProcessInitializeOnLoadMethodAttributes (35ms)
				AfterProcessingInitializeOnLoad (0ms)
				EditorAssembliesLoaded (0ms)
			ExecutionOrderSort2 (0ms)
			AwakeInstancesAfterBackupRestoration (0ms)
Platform modules already initialized, skipping
Registering precompiled user dll's ...
Registered in 0.003388 seconds.
Begin MonoManager ReloadAssembly
Symbol file LoadedFromMemory doesn't match image E:\_game\Second RPG 3D\Library\PackageCache\com.unity.visualscripting@1.7.8\Editor\VisualScripting.Core\Dependencies\YamlDotNet\Unity.VisualScripting.YamlDotNet.dll
Symbol file LoadedFromMemory doesn't match image E:\_game\Second RPG 3D\Library\PackageCache\com.unity.visualscripting@1.7.8\Editor\VisualScripting.Core\Dependencies\DotNetZip\Unity.VisualScripting.IonicZip.dll
Native extension for WindowsStandalone target not found
Native extension for iOS target not found
Native extension for Android target not found
Refreshing native plugins compatible for Editor in 1.23 ms, found 3 plugins.
Preloading 0 native plugins for Editor in 0.00 ms.
Mono: successfully reloaded assembly
- Completed reload, in  1.093 seconds
Domain Reload Profiling:
	ReloadAssembly (1094ms)
		BeginReloadAssembly (196ms)
			ExecutionOrderSort (0ms)
			DisableScriptedObjects (4ms)
			BackupInstance (0ms)
			ReleaseScriptingObjects (0ms)
			CreateAndSetChildDomain (126ms)
		EndReloadAssembly (808ms)
			LoadAssemblies (70ms)
			RebuildTransferFunctionScriptingTraits (0ms)
			SetupTypeCache (226ms)
			ReleaseScriptCaches (1ms)
			RebuildScriptCaches (44ms)
			SetupLoadedEditorAssemblies (442ms)
				LogAssemblyErrors (0ms)
				InitializePlatformSupportModulesInManaged (18ms)
				SetLoadedEditorAssemblies (1ms)
				RefreshPlugins (1ms)
				BeforeProcessingInitializeOnLoad (72ms)
				ProcessInitializeOnLoadAttributes (328ms)
				ProcessInitializeOnLoadMethodAttributes (18ms)
				AfterProcessingInitializeOnLoad (4ms)
				EditorAssembliesLoaded (0ms)
			ExecutionOrderSort2 (0ms)
			AwakeInstancesAfterBackupRestoration (5ms)
Platform modules already initialized, skipping
========================================================================
Worker process is ready to serve import requests
Launched and connected shader compiler UnityShaderCompiler.exe after 0.04 seconds
Refreshing native plugins compatible for Editor in 0.83 ms, found 3 plugins.
Preloading 0 native plugins for Editor in 0.00 ms.
Unloading 3713 Unused Serialized files (Serialized files now loaded: 0)
Unloading 50 unused Assets / (1.3 MB). Loaded Objects now: 4169.
Memory consumption went from 141.2 MB to 139.8 MB.
Total: 3.795700 ms (FindLiveObjects: 0.291200 ms CreateObjectMapping: 0.114500 ms MarkObjects: 3.124700 ms  DeleteObjects: 0.264200 ms)

AssetImportParameters requested are different than current active one (requested -> active):
  custom:video-decoder-ogg-theora: a1e56fd34408186e4bbccfd4996cb3dc -> 
  custom:container-muxer-webm: aa71ff27fc2769a1b78a27578f13a17b -> 
  custom:container-demuxer-webm: 4f35f7cbe854078d1ac9338744f61a02 -> 
  custom:video-encoder-webm-vp8: eb34c28f22e8b96e1ab97ce403110664 -> 
  custom:audio-encoder-webm-vorbis: bf7c407c2cedff20999df2af8eb42d56 -> 
  custom:framework-win-MediaFoundation: 216162199b28c13a410421893ffa2e32 -> 
  custom:container-demuxer-ogg: 62fdf1f143b41e24485cea50d1cbac27 -> 
  custom:video-decoder-webm-vp8: 9c59270c3fd7afecdb556c50c9e8de78 -> 
  custom:audio-decoder-ogg-vorbis: bf7c407c2cedff20999df2af8eb42d56 -> 
========================================================================
Received Import Request.
  Time since last request: 41167.337982 seconds.
  path: Assets/AssetsPacket/DogKnight/bodyPro.mask
  artifactKey: Guid(e3e0de9a3cd21e34ca5fd82e5c2270fa) Importer(815301076,1909f56bfc062723c751e8b465ee728b)
Start importing Assets/AssetsPacket/DogKnight/bodyPro.mask using Guid(e3e0de9a3cd21e34ca5fd82e5c2270fa) Importer(815301076,1909f56bfc062723c751e8b465ee728b)  -> (artifact id: 'a8c631da703914e7382da0154d782c5c') in 0.031711 seconds 
========================================================================
Received Import Request.
  Time since last request: 13.619220 seconds.
  path: Assets/AssetsPacket/SimpleNaturePack/Models/Branch_01.fbx
  artifactKey: Guid(5528351815fd4c04abf537f22c7e18f1) Importer(815301076,1909f56bfc062723c751e8b465ee728b)
Start importing Assets/AssetsPacket/SimpleNaturePack/Models/Branch_01.fbx using Guid(5528351815fd4c04abf537f22c7e18f1) Importer(815301076,1909f56bfc062723c751e8b465ee728b)  -> (artifact id: '6a4cfe89ff0386ab02c27b39fcbdf482') in 0.124889 seconds 
========================================================================
Received Import Request.
  Time since last request: 0.000025 seconds.
  path: Assets/AssetsPacket/SimpleNaturePack/Models/Tree_04.fbx
  artifactKey: Guid(83e8d2542718a2e49a73d71c3a5fc685) Importer(815301076,1909f56bfc062723c751e8b465ee728b)
Start importing Assets/AssetsPacket/SimpleNaturePack/Models/Tree_04.fbx using Guid(83e8d2542718a2e49a73d71c3a5fc685) Importer(815301076,1909f56bfc062723c751e8b465ee728b)  -> (artifact id: 'e252ae8839578b12db2493804f89692f') in 0.058443 seconds 
========================================================================
Received Import Request.
  Time since last request: 0.000036 seconds.
  path: Assets/AssetsPacket/SimpleNaturePack/Models/Ground_02.fbx
  artifactKey: Guid(57d3eed6d2253d24994d5ad37e00aedc) Importer(815301076,1909f56bfc062723c751e8b465ee728b)
Start importing Assets/AssetsPacket/SimpleNaturePack/Models/Ground_02.fbx using Guid(57d3eed6d2253d24994d5ad37e00aedc) Importer(815301076,1909f56bfc062723c751e8b465ee728b)  -> (artifact id: '4d98887fee56d2225f47a993dcc6b27c') in 0.027336 seconds 
========================================================================
Received Import Request.
  Time since last request: 0.000042 seconds.
  path: Assets/AssetsPacket/SimpleNaturePack/Models/Rock_04.fbx
  artifactKey: Guid(33ebf3440b12ec245bd008cd464f8d9a) Importer(815301076,1909f56bfc062723c751e8b465ee728b)
Start importing Assets/AssetsPacket/SimpleNaturePack/Models/Rock_04.fbx using Guid(33ebf3440b12ec245bd008cd464f8d9a) Importer(815301076,1909f56bfc062723c751e8b465ee728b)  -> (artifact id: '1e1ceadf5bf3f15814464033e76502f0') in 0.023197 seconds 
========================================================================
Received Import Request.
  Time since last request: 0.000023 seconds.
  path: Assets/AssetsPacket/SimpleNaturePack/Models/Tree_01.fbx
  artifactKey: Guid(6c7eaede4efc960409fb9ef2dfb77f29) Importer(815301076,1909f56bfc062723c751e8b465ee728b)
Start importing Assets/AssetsPacket/SimpleNaturePack/Models/Tree_01.fbx using Guid(6c7eaede4efc960409fb9ef2dfb77f29) Importer(815301076,1909f56bfc062723c751e8b465ee728b)  -> (artifact id: '37cff969309b3dfa2c3f82f3813566a3') in 0.047031 seconds 
========================================================================
Received Import Request.
  Time since last request: 0.000023 seconds.
  path: Assets/AssetsPacket/SimpleNaturePack/Models/Ground_03.fbx
  artifactKey: Guid(661464e19c087564badb2bf5230c842c) Importer(815301076,1909f56bfc062723c751e8b465ee728b)
Start importing Assets/AssetsPacket/SimpleNaturePack/Models/Ground_03.fbx using Guid(661464e19c087564badb2bf5230c842c) Importer(815301076,1909f56bfc062723c751e8b465ee728b)  -> (artifact id: 'a4b3ef8116c4179fb117ed6a65ce7e20') in 0.019857 seconds 
========================================================================
Received Import Request.
  Time since last request: 0.000021 seconds.
  path: Assets/AssetsPacket/SimpleNaturePack/Models/Stump_01.fbx
  artifactKey: Guid(768be665aba8b4e4aae7a973ae9616cf) Importer(815301076,1909f56bfc062723c751e8b465ee728b)
Start importing Assets/AssetsPacket/SimpleNaturePack/Models/Stump_01.fbx using Guid(768be665aba8b4e4aae7a973ae9616cf) Importer(815301076,1909f56bfc062723c751e8b465ee728b)  -> (artifact id: '14aa3b547cd5b2db60c63cdf41e30678') in 0.029488 seconds 
========================================================================
Received Import Request.
  Time since last request: 0.000023 seconds.
  path: Assets/AssetsPacket/SimpleNaturePack/Models/Mushroom_02.fbx
  artifactKey: Guid(6c890c97a154a474082af84a379dffce) Importer(815301076,1909f56bfc062723c751e8b465ee728b)
Start importing Assets/AssetsPacket/SimpleNaturePack/Models/Mushroom_02.fbx using Guid(6c890c97a154a474082af84a379dffce) Importer(815301076,1909f56bfc062723c751e8b465ee728b)  -> (artifact id: '3f6cefd702a603304e925f3a5f1ad53f') in 0.020413 seconds 
========================================================================
Received Import Request.
  Time since last request: 0.000021 seconds.
  path: Assets/AssetsPacket/SimpleNaturePack/Models/Flowers_02.fbx
  artifactKey: Guid(8ea980fdc4aa5e749b000c1a0d4b9bbc) Importer(815301076,1909f56bfc062723c751e8b465ee728b)
Start importing Assets/AssetsPacket/SimpleNaturePack/Models/Flowers_02.fbx using Guid(8ea980fdc4aa5e749b000c1a0d4b9bbc) Importer(815301076,1909f56bfc062723c751e8b465ee728b)  -> (artifact id: '1d6d45acc7f2636145ba2ba874c9c23c') in 0.035410 seconds 
========================================================================
Received Import Request.
  Time since last request: 0.000025 seconds.
  path: Assets/AssetsPacket/SimpleNaturePack/Models/Rock_01.fbx
  artifactKey: Guid(e9089b1db16b58f4282a94e020b9c0e8) Importer(815301076,1909f56bfc062723c751e8b465ee728b)
Start importing Assets/AssetsPacket/SimpleNaturePack/Models/Rock_01.fbx using Guid(e9089b1db16b58f4282a94e020b9c0e8) Importer(815301076,1909f56bfc062723c751e8b465ee728b)  -> (artifact id: 'a6112ec4c0fc326a96d8f91379e63179') in 0.020488 seconds 
========================================================================
Received Import Request.
  Time since last request: 0.000032 seconds.
  path: Assets/AssetsPacket/SimpleNaturePack/Models/Flowers_01.fbx
  artifactKey: Guid(b5a80b3e2a089b841b155d7c7f461e7c) Importer(815301076,1909f56bfc062723c751e8b465ee728b)
Start importing Assets/AssetsPacket/SimpleNaturePack/Models/Flowers_01.fbx using Guid(b5a80b3e2a089b841b155d7c7f461e7c) Importer(815301076,1909f56bfc062723c751e8b465ee728b)  -> (artifact id: '6979390a03ba39afdd04c5606bf34c77') in 0.033302 seconds 
========================================================================
Received Import Request.
  Time since last request: 0.140814 seconds.
  path: Assets/AssetsPacket/SimpleNaturePack/Prefabs/Branch_01.prefab
  artifactKey: Guid(b9de24523a11d714db3851b5f0f9d527) Importer(815301076,1909f56bfc062723c751e8b465ee728b)
Start importing Assets/AssetsPacket/SimpleNaturePack/Prefabs/Branch_01.prefab using Guid(b9de24523a11d714db3851b5f0f9d527) Importer(815301076,1909f56bfc062723c751e8b465ee728b)  -> (artifact id: '31d79248c7507da2b253ec30e9751535') in 0.014802 seconds 
========================================================================
Received Import Request.
  Time since last request: 0.000020 seconds.
  path: Assets/AssetsPacket/SimpleNaturePack/Prefabs/Grass_01.prefab
  artifactKey: Guid(f1fc5bb90ac285e4486771552d63bcb8) Importer(815301076,1909f56bfc062723c751e8b465ee728b)
Start importing Assets/AssetsPacket/SimpleNaturePack/Prefabs/Grass_01.prefab using Guid(f1fc5bb90ac285e4486771552d63bcb8) Importer(815301076,1909f56bfc062723c751e8b465ee728b)  -> (artifact id: '2ce4b09643bd1cab5190e178fb2c8d0b') in 0.015035 seconds 
========================================================================
Received Import Request.
  Time since last request: 0.000038 seconds.
  path: Assets/AssetsPacket/SimpleNaturePack/Prefabs/Rock_02.prefab
  artifactKey: Guid(cebfacc247a640945a2c30b442202fca) Importer(815301076,1909f56bfc062723c751e8b465ee728b)
Start importing Assets/AssetsPacket/SimpleNaturePack/Prefabs/Rock_02.prefab using Guid(cebfacc247a640945a2c30b442202fca) Importer(815301076,1909f56bfc062723c751e8b465ee728b)  -> (artifact id: '3819af0a9ee3acae41747f949c7a719d') in 0.018086 seconds 
========================================================================
Received Import Request.
  Time since last request: 0.000042 seconds.
  path: Assets/AssetsPacket/SimpleNaturePack/Prefabs/Rock_04.prefab
  artifactKey: Guid(f02116c209ecd9e488fc4d2cd8996133) Importer(815301076,1909f56bfc062723c751e8b465ee728b)
Start importing Assets/AssetsPacket/SimpleNaturePack/Prefabs/Rock_04.prefab using Guid(f02116c209ecd9e488fc4d2cd8996133) Importer(815301076,1909f56bfc062723c751e8b465ee728b)  -> (artifact id: '7bc8a1b32a6d5099af4bd292e00afee3') in 0.017594 seconds 
========================================================================
Received Import Request.
  Time since last request: 0.000031 seconds.
  path: Assets/AssetsPacket/SimpleNaturePack/Prefabs/Mushroom_01.prefab
  artifactKey: Guid(ff62b58c5a9ea164fa8ddf8038e10cd1) Importer(815301076,1909f56bfc062723c751e8b465ee728b)
Start importing Assets/AssetsPacket/SimpleNaturePack/Prefabs/Mushroom_01.prefab using Guid(ff62b58c5a9ea164fa8ddf8038e10cd1) Importer(815301076,1909f56bfc062723c751e8b465ee728b)  -> (artifact id: 'dc667753286aa198ade2eb9217d4594f') in 0.019673 seconds 
========================================================================
Received Import Request.
  Time since last request: 0.000037 seconds.
  path: Assets/AssetsPacket/SimpleNaturePack/Prefabs/Bush_03.prefab
  artifactKey: Guid(34d3f526198dae440bb2ce6005d86055) Importer(815301076,1909f56bfc062723c751e8b465ee728b)
Start importing Assets/AssetsPacket/SimpleNaturePack/Prefabs/Bush_03.prefab using Guid(34d3f526198dae440bb2ce6005d86055) Importer(815301076,1909f56bfc062723c751e8b465ee728b)  -> (artifact id: '363dfb0f70506b14da0f032ac47cf7a4') in 0.018808 seconds 
========================================================================
Received Import Request.
  Time since last request: 0.000029 seconds.
  path: Assets/AssetsPacket/SimpleNaturePack/Prefabs/Mushroom_02.prefab
  artifactKey: Guid(494f6d43e170e9145bc7865d243ee00b) Importer(815301076,1909f56bfc062723c751e8b465ee728b)
Start importing Assets/AssetsPacket/SimpleNaturePack/Prefabs/Mushroom_02.prefab using Guid(494f6d43e170e9145bc7865d243ee00b) Importer(815301076,1909f56bfc062723c751e8b465ee728b)  -> (artifact id: '3e04ddd7e5624bc823fd953bb8dfb0da') in 0.017718 seconds 
========================================================================
Received Import Request.
  Time since last request: 0.000029 seconds.
  path: Assets/AssetsPacket/SimpleNaturePack/Prefabs/Grass_02.prefab
  artifactKey: Guid(ffbddc4ef9676cc419e81e06aaa836d8) Importer(815301076,1909f56bfc062723c751e8b465ee728b)
Start importing Assets/AssetsPacket/SimpleNaturePack/Prefabs/Grass_02.prefab using Guid(ffbddc4ef9676cc419e81e06aaa836d8) Importer(815301076,1909f56bfc062723c751e8b465ee728b)  -> (artifact id: '60cf07966731be01398a8b05960c7709') in 0.018001 seconds 
========================================================================
Received Import Request.
  Time since last request: 0.000025 seconds.
  path: Assets/AssetsPacket/SimpleNaturePack/Prefabs/Rock_03.prefab
  artifactKey: Guid(0fde05fa0f3321942a21896ff4f0856f) Importer(815301076,1909f56bfc062723c751e8b465ee728b)
Start importing Assets/AssetsPacket/SimpleNaturePack/Prefabs/Rock_03.prefab using Guid(0fde05fa0f3321942a21896ff4f0856f) Importer(815301076,1909f56bfc062723c751e8b465ee728b)  -> (artifact id: '0b75c825ec5f3680a60f5b8e3ea02954') in 0.016302 seconds 
========================================================================
Received Import Request.
  Time since last request: 0.000033 seconds.
  path: Assets/AssetsPacket/SimpleNaturePack/Prefabs/Rock_05.prefab
  artifactKey: Guid(a778b631c6253a04899cb31bad047c81) Importer(815301076,1909f56bfc062723c751e8b465ee728b)
Start importing Assets/AssetsPacket/SimpleNaturePack/Prefabs/Rock_05.prefab using Guid(a778b631c6253a04899cb31bad047c81) Importer(815301076,1909f56bfc062723c751e8b465ee728b)  -> (artifact id: 'fcf1edf85d6caa8968424e4157b3ed95') in 0.014948 seconds 
========================================================================
Received Import Request.
  Time since last request: 0.000020 seconds.
  path: Assets/AssetsPacket/SimpleNaturePack/Prefabs/Ground_02.prefab
  artifactKey: Guid(e2e682b966e3f644392ffbfab511e0e2) Importer(815301076,1909f56bfc062723c751e8b465ee728b)
Start importing Assets/AssetsPacket/SimpleNaturePack/Prefabs/Ground_02.prefab using Guid(e2e682b966e3f644392ffbfab511e0e2) Importer(815301076,1909f56bfc062723c751e8b465ee728b)  -> (artifact id: 'bd3e4d8736429295a18b9156a9f40db6') in 0.016881 seconds 
========================================================================
Received Import Request.
  Time since last request: 0.000020 seconds.
  path: Assets/AssetsPacket/SimpleNaturePack/Prefabs/Tree_05.prefab
  artifactKey: Guid(60f79905accf3b24fa0114b941f1aac0) Importer(815301076,1909f56bfc062723c751e8b465ee728b)
Start importing Assets/AssetsPacket/SimpleNaturePack/Prefabs/Tree_05.prefab using Guid(60f79905accf3b24fa0114b941f1aac0) Importer(815301076,1909f56bfc062723c751e8b465ee728b)  -> (artifact id: '849a46b58ca7862a552beb0fccb26a57') in 0.014887 seconds 
========================================================================
Received Import Request.
  Time since last request: 0.000023 seconds.
  path: Assets/AssetsPacket/SimpleNaturePack/Prefabs/Bush_02.prefab
  artifactKey: Guid(b71b0f8d2f881c743a85228f3030d1cb) Importer(815301076,1909f56bfc062723c751e8b465ee728b)
Start importing Assets/AssetsPacket/SimpleNaturePack/Prefabs/Bush_02.prefab using Guid(b71b0f8d2f881c743a85228f3030d1cb) Importer(815301076,1909f56bfc062723c751e8b465ee728b)  -> (artifact id: 'd6ceac9c9b22b1305d97f8218ebb6d2f') in 0.016097 seconds 
========================================================================
Received Import Request.
  Time since last request: 1.233759 seconds.
  path: Assets/AssetsPacket/SimpleNaturePack/Textures/NaturePackLite_Texture_01.png
  artifactKey: Guid(28a51d508c86a8948b59df81d5188b17) Importer(815301076,1909f56bfc062723c751e8b465ee728b)
Start importing Assets/AssetsPacket/SimpleNaturePack/Textures/NaturePackLite_Texture_01.png using Guid(28a51d508c86a8948b59df81d5188b17) Importer(815301076,1909f56bfc062723c751e8b465ee728b)  -> (artifact id: '9ce5226223d4fc905a96b55ac7cf23a2') in 0.018256 seconds 
========================================================================
Received Import Request.
  Time since last request: 1.593303 seconds.
  path: Assets/AssetsPacket/SimpleNaturePack/Materials/SimpleNaturePack_BG.mat
  artifactKey: Guid(886ecf0ee44718246aa083d8aad49b79) Importer(815301076,1909f56bfc062723c751e8b465ee728b)
Start importing Assets/AssetsPacket/SimpleNaturePack/Materials/SimpleNaturePack_BG.mat using Guid(886ecf0ee44718246aa083d8aad49b79) Importer(815301076,1909f56bfc062723c751e8b465ee728b)  -> (artifact id: '255c4dfd3f81221af1a2f59fc5c681a2') in 0.112198 seconds 
========================================================================
Received Import Request.
  Time since last request: 2.178345 seconds.
  path: Assets/AssetsPacket/RPG Monster DUO PBR Polyart/Animations/TurtleShell/Attack01_TurtleShell_Anim.fbx
  artifactKey: Guid(832e69c20e884e0790dae5ee86441a63) Importer(815301076,1909f56bfc062723c751e8b465ee728b)
Start importing Assets/AssetsPacket/RPG Monster DUO PBR Polyart/Animations/TurtleShell/Attack01_TurtleShell_Anim.fbx using Guid(832e69c20e884e0790dae5ee86441a63) Importer(815301076,1909f56bfc062723c751e8b465ee728b)  -> (artifact id: '7e2ee15da630d8e838a99c4538f9f749') in 0.033820 seconds 
========================================================================
Received Import Request.
  Time since last request: 0.000020 seconds.
  path: Assets/AssetsPacket/RPG Monster DUO PBR Polyart/Animations/TurtleShell/Dizzy_TurtleShell_Anim.fbx
  artifactKey: Guid(b8f24610a85e4499be98bd4a920da37e) Importer(815301076,1909f56bfc062723c751e8b465ee728b)
Start importing Assets/AssetsPacket/RPG Monster DUO PBR Polyart/Animations/TurtleShell/Dizzy_TurtleShell_Anim.fbx using Guid(b8f24610a85e4499be98bd4a920da37e) Importer(815301076,1909f56bfc062723c751e8b465ee728b)  -> (artifact id: '6fb68f58e7fb30834fad15d61d11ad11') in 0.062032 seconds 
========================================================================
Received Import Request.
  Time since last request: 0.000029 seconds.
  path: Assets/AssetsPacket/RPG Monster DUO PBR Polyart/Animations/TurtleShell/WalkLeft_TurtleShell_Anim.fbx
  artifactKey: Guid(fc293ba79aa94a5fa823e89ea330ec59) Importer(815301076,1909f56bfc062723c751e8b465ee728b)
Start importing Assets/AssetsPacket/RPG Monster DUO PBR Polyart/Animations/TurtleShell/WalkLeft_TurtleShell_Anim.fbx using Guid(fc293ba79aa94a5fa823e89ea330ec59) Importer(815301076,1909f56bfc062723c751e8b465ee728b)  -> (artifact id: '9770a2b85275269efd37da208ad9a559') in 0.042467 seconds 
========================================================================
Received Import Request.
  Time since last request: 0.000032 seconds.
  path: Assets/AssetsPacket/RPG Monster DUO PBR Polyart/Animations/TurtleShell/WalkBack_TurtleShell_Anim.fbx
  artifactKey: Guid(287406e12d1c4a1fad3c4e7ee6674ef0) Importer(815301076,1909f56bfc062723c751e8b465ee728b)
Start importing Assets/AssetsPacket/RPG Monster DUO PBR Polyart/Animations/TurtleShell/WalkBack_TurtleShell_Anim.fbx using Guid(287406e12d1c4a1fad3c4e7ee6674ef0) Importer(815301076,1909f56bfc062723c751e8b465ee728b)  -> (artifact id: 'ea778829d5c24625d2b2d0e57985460d') in 0.046490 seconds 
========================================================================
Received Import Request.
  Time since last request: 0.000023 seconds.
  path: Assets/AssetsPacket/RPG Monster DUO PBR Polyart/Animations/TurtleShell/SenseSomethingStart_TurtleShell_Anim.fbx
  artifactKey: Guid(d005e95bf0134a26ad4ed5c5b36201ce) Importer(815301076,1909f56bfc062723c751e8b465ee728b)
Start importing Assets/AssetsPacket/RPG Monster DUO PBR Polyart/Animations/TurtleShell/SenseSomethingStart_TurtleShell_Anim.fbx using Guid(d005e95bf0134a26ad4ed5c5b36201ce) Importer(815301076,1909f56bfc062723c751e8b465ee728b)  -> (artifact id: 'c6ca818ba5b099281a3acda54985ac0f') in 0.047628 seconds 
========================================================================
Received Import Request.
  Time since last request: 0.000030 seconds.
  path: Assets/AssetsPacket/RPG Monster DUO PBR Polyart/Animations/TurtleShell/Walk_TurtleShell_Anim.fbx
  artifactKey: Guid(70329e6db728412fb2a6e0371aaaa001) Importer(815301076,1909f56bfc062723c751e8b465ee728b)
Start importing Assets/AssetsPacket/RPG Monster DUO PBR Polyart/Animations/TurtleShell/Walk_TurtleShell_Anim.fbx using Guid(70329e6db728412fb2a6e0371aaaa001) Importer(815301076,1909f56bfc062723c751e8b465ee728b)  -> (artifact id: '5dbac85a155bf65bd2988e30dfc6af4c') in 0.039854 seconds 
========================================================================
Received Import Request.
  Time since last request: 0.000027 seconds.
  path: Assets/AssetsPacket/RPG Monster DUO PBR Polyart/Animations/TurtleShell/Die_TurtleShell_Anim.fbx
  artifactKey: Guid(b5feebd3cb9a4b82aa44801bbe7548bb) Importer(815301076,1909f56bfc062723c751e8b465ee728b)
Start importing Assets/AssetsPacket/RPG Monster DUO PBR Polyart/Animations/TurtleShell/Die_TurtleShell_Anim.fbx using Guid(b5feebd3cb9a4b82aa44801bbe7548bb) Importer(815301076,1909f56bfc062723c751e8b465ee728b)  -> (artifact id: '5a635a7f56f9b2dd2f14c85db2428a0c') in 0.048370 seconds 
========================================================================
Received Import Request.
  Time since last request: 0.132585 seconds.
  path: Assets/AssetsPacket/RPG Monster DUO PBR Polyart/Animations/Slime/Attack01_Slime_Anim.fbx
  artifactKey: Guid(b2c5dad1c2b246f48024751ad65ef02b) Importer(815301076,1909f56bfc062723c751e8b465ee728b)
Start importing Assets/AssetsPacket/RPG Monster DUO PBR Polyart/Animations/Slime/Attack01_Slime_Anim.fbx using Guid(b2c5dad1c2b246f48024751ad65ef02b) Importer(815301076,1909f56bfc062723c751e8b465ee728b)  -> (artifact id: '0e175ded02ac750fbea5ea363227bac5') in 0.026823 seconds 
========================================================================
Received Import Request.
  Time since last request: 0.000025 seconds.
  path: Assets/AssetsPacket/RPG Monster DUO PBR Polyart/Animations/Slime/WalkLeft_Slime_Anim.fbx
  artifactKey: Guid(4f0bc31a941d479d89108cd15f84f761) Importer(815301076,1909f56bfc062723c751e8b465ee728b)
Start importing Assets/AssetsPacket/RPG Monster DUO PBR Polyart/Animations/Slime/WalkLeft_Slime_Anim.fbx using Guid(4f0bc31a941d479d89108cd15f84f761) Importer(815301076,1909f56bfc062723c751e8b465ee728b)  -> (artifact id: '847595a1ea8138b8e0a09fde6917dad1') in 0.021267 seconds 
========================================================================
Received Import Request.
  Time since last request: 0.000022 seconds.
  path: Assets/AssetsPacket/RPG Monster DUO PBR Polyart/Animations/Slime/IdleBattle_Slime_Anim.fbx
  artifactKey: Guid(f99c1e532d874b5aa4c470d8aad16a64) Importer(815301076,1909f56bfc062723c751e8b465ee728b)
Start importing Assets/AssetsPacket/RPG Monster DUO PBR Polyart/Animations/Slime/IdleBattle_Slime_Anim.fbx using Guid(f99c1e532d874b5aa4c470d8aad16a64) Importer(815301076,1909f56bfc062723c751e8b465ee728b)  -> (artifact id: '940170444117d3259ca80dfc674f6bb2') in 0.023511 seconds 
========================================================================
Received Import Request.
  Time since last request: 0.000025 seconds.
  path: Assets/AssetsPacket/RPG Monster DUO PBR Polyart/Animations/Slime/Taunt_Slime_Anim.fbx
  artifactKey: Guid(3a16534b4b074acc99be2eec5ca12eeb) Importer(815301076,1909f56bfc062723c751e8b465ee728b)
Start importing Assets/AssetsPacket/RPG Monster DUO PBR Polyart/Animations/Slime/Taunt_Slime_Anim.fbx using Guid(3a16534b4b074acc99be2eec5ca12eeb) Importer(815301076,1909f56bfc062723c751e8b465ee728b)  -> (artifact id: '1899e238499eaec10df9bf789f5a5ac9') in 0.025116 seconds 
========================================================================
Received Import Request.
  Time since last request: 0.000031 seconds.
  path: Assets/AssetsPacket/RPG Monster DUO PBR Polyart/Animations/Slime/Victory_Slime_Anim.fbx
  artifactKey: Guid(8ec3313cbc664ad68d21f18f52f2ebf0) Importer(815301076,1909f56bfc062723c751e8b465ee728b)
Start importing Assets/AssetsPacket/RPG Monster DUO PBR Polyart/Animations/Slime/Victory_Slime_Anim.fbx using Guid(8ec3313cbc664ad68d21f18f52f2ebf0) Importer(815301076,1909f56bfc062723c751e8b465ee728b)  -> (artifact id: '5943e3c1a9ec9de03aa2b3faad8f1476') in 0.023196 seconds 
========================================================================
Received Import Request.
  Time since last request: 0.431972 seconds.
  path: Assets/AssetsPacket/RPG Monster DUO PBR Polyart/Materials/PBRDefault.mat
  artifactKey: Guid(d9c0226bd4324f01bc178cf4a515ef84) Importer(815301076,1909f56bfc062723c751e8b465ee728b)
Start importing Assets/AssetsPacket/RPG Monster DUO PBR Polyart/Materials/PBRDefault.mat using Guid(d9c0226bd4324f01bc178cf4a515ef84) Importer(815301076,1909f56bfc062723c751e8b465ee728b)  -> (artifact id: '1ba8b8f586a78202869fd2a29c915adb') in 0.022439 seconds 
========================================================================
Received Import Request.
  Time since last request: 0.523910 seconds.
  path: Assets/AssetsPacket/RPG Monster DUO PBR Polyart/Meshes/SlimeMesh.fbx
  artifactKey: Guid(6520c6d7889f4c72b416f07f34edd515) Importer(815301076,1909f56bfc062723c751e8b465ee728b)
Start importing Assets/AssetsPacket/RPG Monster DUO PBR Polyart/Meshes/SlimeMesh.fbx using Guid(6520c6d7889f4c72b416f07f34edd515) Importer(815301076,1909f56bfc062723c751e8b465ee728b)  -> (artifact id: '5efa7cfc2baad5a4881f9c5e65a6802d') in 0.018227 seconds 
========================================================================
Received Import Request.
  Time since last request: 0.000034 seconds.
  path: Assets/AssetsPacket/RPG Monster DUO PBR Polyart/Meshes/TurtleShellMesh.fbx
  artifactKey: Guid(599b2dc9e6c44a8ebc02ddea1f18d215) Importer(815301076,1909f56bfc062723c751e8b465ee728b)
Start importing Assets/AssetsPacket/RPG Monster DUO PBR Polyart/Meshes/TurtleShellMesh.fbx using Guid(599b2dc9e6c44a8ebc02ddea1f18d215) Importer(815301076,1909f56bfc062723c751e8b465ee728b)  -> (artifact id: '5f6e20fbbefeaeed30065165a40ce18b') in 0.019260 seconds 
========================================================================
Received Import Request.
  Time since last request: 3.215441 seconds.
  path: Assets/AssetsPacket/HUD/Sprites/Bar.png
  artifactKey: Guid(c8bbd02a88c2bbc41b7d7e50ec7b2aa7) Importer(815301076,1909f56bfc062723c751e8b465ee728b)
Start importing Assets/AssetsPacket/HUD/Sprites/Bar.png using Guid(c8bbd02a88c2bbc41b7d7e50ec7b2aa7) Importer(815301076,1909f56bfc062723c751e8b465ee728b)  -> (artifact id: '1c916886d17607d19ebe34ced1c738d3') in 0.020786 seconds 
========================================================================
Received Import Request.
  Time since last request: 13.739762 seconds.
  path: Assets/AssetsPacket/RPG Monster DUO PBR Polyart
  artifactKey: Guid(ec155f35036d4eb4a4d6e96b1c379934) Importer(815301076,1909f56bfc062723c751e8b465ee728b)
Start importing Assets/AssetsPacket/RPG Monster DUO PBR Polyart using Guid(ec155f35036d4eb4a4d6e96b1c379934) Importer(815301076,1909f56bfc062723c751e8b465ee728b)  -> (artifact id: '58e247960f4bc293120f489675c57463') in 0.007784 seconds 
========================================================================
Received Import Request.
  Time since last request: 34.799785 seconds.
  path: Assets/AssetsPacket/RPG Monster DUO PBR Polyart/Scenes/PBR/Directional Light.prefab
  artifactKey: Guid(8bba811d92d549f897884b92a6e2d2ab) Importer(815301076,1909f56bfc062723c751e8b465ee728b)
Start importing Assets/AssetsPacket/RPG Monster DUO PBR Polyart/Scenes/PBR/Directional Light.prefab using Guid(8bba811d92d549f897884b92a6e2d2ab) Importer(815301076,1909f56bfc062723c751e8b465ee728b)  -> (artifact id: '3df35ab20f36efafa42c82b94de0c07d') in 0.010135 seconds 
========================================================================
Received Import Request.
  Time since last request: 0.000029 seconds.
  path: Assets/TextMesh Pro/Examples & Extras/Prefabs/TextMeshPro - Prefab 2.prefab
  artifactKey: Guid(fdad9d952ae84cafb74c63f2e694d042) Importer(815301076,1909f56bfc062723c751e8b465ee728b)
Start importing Assets/TextMesh Pro/Examples & Extras/Prefabs/TextMeshPro - Prefab 2.prefab using Guid(fdad9d952ae84cafb74c63f2e694d042) Importer(815301076,1909f56bfc062723c751e8b465ee728b)  -> (artifact id: '9a3d3152cfc7fb9a1777718d36dbae7b') in 0.041628 seconds 
========================================================================
Received Import Request.
  Time since last request: 0.000028 seconds.
  path: Assets/AssetsPacket/RPG Monster DUO PBR Polyart/Prefabs/PBRDefault/SlimePBR.prefab
  artifactKey: Guid(928a1377c1cd4515b208fef3a396b8ea) Importer(815301076,1909f56bfc062723c751e8b465ee728b)
Start importing Assets/AssetsPacket/RPG Monster DUO PBR Polyart/Prefabs/PBRDefault/SlimePBR.prefab using Guid(928a1377c1cd4515b208fef3a396b8ea) Importer(815301076,1909f56bfc062723c751e8b465ee728b)  -> (artifact id: '44e51fd3c2b7ed0ce48de046039599be') in 0.031316 seconds 
========================================================================
Received Import Request.
  Time since last request: 0.000033 seconds.
  path: Assets/AssetsPacket/RPG Monster DUO PBR Polyart/Prefabs/PolyartDefault/SlimePolyart.prefab
  artifactKey: Guid(a4ec793513574cd49719c4055b630e2b) Importer(815301076,1909f56bfc062723c751e8b465ee728b)
Start importing Assets/AssetsPacket/RPG Monster DUO PBR Polyart/Prefabs/PolyartDefault/SlimePolyart.prefab using Guid(a4ec793513574cd49719c4055b630e2b) Importer(815301076,1909f56bfc062723c751e8b465ee728b)  -> (artifact id: 'ab2cdd3bdf47a27d5d107208a97024f5') in 0.022684 seconds 
========================================================================
Received Import Request.
  Time since last request: 0.000021 seconds.
  path: Assets/AssetsPacket/RPG Monster DUO PBR Polyart/Scenes/PBR/Main Camera.prefab
  artifactKey: Guid(4c68eb80fcb34b9a8724fa3137371652) Importer(815301076,1909f56bfc062723c751e8b465ee728b)
Start importing Assets/AssetsPacket/RPG Monster DUO PBR Polyart/Scenes/PBR/Main Camera.prefab using Guid(4c68eb80fcb34b9a8724fa3137371652) Importer(815301076,1909f56bfc062723c751e8b465ee728b)  -> (artifact id: '078076c1e70480f0a4019fca6522fd0a') in 0.010233 seconds 
========================================================================
Received Import Request.
  Time since last request: 0.000019 seconds.
  path: Assets/TextMesh Pro/Examples & Extras/Prefabs/TextMeshPro - Prefab 1.prefab
  artifactKey: Guid(a6e39ced0ea046bcb636c3f0b2e2a745) Importer(815301076,1909f56bfc062723c751e8b465ee728b)
Start importing Assets/TextMesh Pro/Examples & Extras/Prefabs/TextMeshPro - Prefab 1.prefab using Guid(a6e39ced0ea046bcb636c3f0b2e2a745) Importer(815301076,1909f56bfc062723c751e8b465ee728b)  -> (artifact id: '1ca621653659ba731f89270f332b3767') in 0.030654 seconds 
========================================================================
Received Import Request.
  Time since last request: 1.149211 seconds.
  path: Assets/TextMesh Pro/Examples & Extras/Resources/Fonts & Materials/Anton SDF - Drop Shadow.mat
  artifactKey: Guid(749b9069dc4742c5bfa5c74644049926) Importer(815301076,1909f56bfc062723c751e8b465ee728b)
Start importing Assets/TextMesh Pro/Examples & Extras/Resources/Fonts & Materials/Anton SDF - Drop Shadow.mat using Guid(749b9069dc4742c5bfa5c74644049926) Importer(815301076,1909f56bfc062723c751e8b465ee728b)  -> (artifact id: '88587f70fb99b37bb003ac7a72207d8b') in 0.058650 seconds 
========================================================================
Received Import Request.
  Time since last request: 0.000017 seconds.
  path: Assets/TextMesh Pro/Examples & Extras/Resources/Fonts & Materials/Anton SDF.asset
  artifactKey: Guid(8a89fa14b10d46a99122fd4f73fca9a2) Importer(815301076,1909f56bfc062723c751e8b465ee728b)
Start importing Assets/TextMesh Pro/Examples & Extras/Resources/Fonts & Materials/Anton SDF.asset using Guid(8a89fa14b10d46a99122fd4f73fca9a2) Importer(815301076,1909f56bfc062723c751e8b465ee728b)  -> (artifact id: 'be9e517f8764af421370cf301c5c31c7') in 0.020405 seconds 
========================================================================
Received Import Request.
  Time since last request: 0.000052 seconds.
  path: Assets/TextMesh Pro/Examples & Extras/Resources/Fonts & Materials/LiberationSans SDF - Overlay.mat
  artifactKey: Guid(9ad269c99dcf42b7aedefd83dd5a7b9d) Importer(815301076,1909f56bfc062723c751e8b465ee728b)
Start importing Assets/TextMesh Pro/Examples & Extras/Resources/Fonts & Materials/LiberationSans SDF - Overlay.mat using Guid(9ad269c99dcf42b7aedefd83dd5a7b9d) Importer(815301076,1909f56bfc062723c751e8b465ee728b)  -> (artifact id: '6fba3ebc8d54c93166aed346b93c1b1b') in 0.026746 seconds 
========================================================================
Received Import Request.
  Time since last request: 0.000037 seconds.
  path: Assets/TextMesh Pro/Examples & Extras/Resources/Fonts & Materials/Roboto-Bold SDF - Drop Shadow.mat
  artifactKey: Guid(b246c4190f4e46ec9352fe15a7b09ce0) Importer(815301076,1909f56bfc062723c751e8b465ee728b)
Start importing Assets/TextMesh Pro/Examples & Extras/Resources/Fonts & Materials/Roboto-Bold SDF - Drop Shadow.mat using Guid(b246c4190f4e46ec9352fe15a7b09ce0) Importer(815301076,1909f56bfc062723c751e8b465ee728b)  -> (artifact id: 'b88ac4ef47b5b37d54a6a3fce37bd260') in 0.014873 seconds 
========================================================================
Received Import Request.
  Time since last request: 0.000042 seconds.
  path: Assets/TextMesh Pro/Examples & Extras/Resources/Fonts & Materials/Bangers SDF.asset
  artifactKey: Guid(125cb55b44b24c4393181402bc6200e6) Importer(815301076,1909f56bfc062723c751e8b465ee728b)
Start importing Assets/TextMesh Pro/Examples & Extras/Resources/Fonts & Materials/Bangers SDF.asset using Guid(125cb55b44b24c4393181402bc6200e6) Importer(815301076,1909f56bfc062723c751e8b465ee728b)  -> (artifact id: '828527a9eec3bf35299ad217a875ebf2') in 0.019459 seconds 
========================================================================
Received Import Request.
  Time since last request: 0.000026 seconds.
  path: Assets/TextMesh Pro/Examples & Extras/Materials/Crate - Surface Shader Scene.mat
  artifactKey: Guid(e6b9b44320f4448d9d5e0ee634259966) Importer(815301076,1909f56bfc062723c751e8b465ee728b)
Start importing Assets/TextMesh Pro/Examples & Extras/Materials/Crate - Surface Shader Scene.mat using Guid(e6b9b44320f4448d9d5e0ee634259966) Importer(815301076,1909f56bfc062723c751e8b465ee728b)  -> (artifact id: '98ff742de53f6687597a1654828e932f') in 0.222336 seconds 
========================================================================
Received Import Request.
  Time since last request: 0.000028 seconds.
  path: Assets/TextMesh Pro/Examples & Extras/Resources/Fonts & Materials/LiberationSans SDF - Metalic Green.mat
  artifactKey: Guid(8b29aaa3eec7468097ff07adfcf29ac9) Importer(815301076,1909f56bfc062723c751e8b465ee728b)
Start importing Assets/TextMesh Pro/Examples & Extras/Resources/Fonts & Materials/LiberationSans SDF - Metalic Green.mat using Guid(8b29aaa3eec7468097ff07adfcf29ac9) Importer(815301076,1909f56bfc062723c751e8b465ee728b)  -> (artifact id: '3ed62cb4ae5870529d83957f7544891b') in 0.130812 seconds 
========================================================================
Received Import Request.
  Time since last request: 0.000027 seconds.
  path: Assets/TextMesh Pro/Examples & Extras/Resources/Fonts & Materials/LiberationSans SDF - Soft Mask.mat
  artifactKey: Guid(42df1c7856584b6b8db9a509b6b10074) Importer(815301076,1909f56bfc062723c751e8b465ee728b)
Start importing Assets/TextMesh Pro/Examples & Extras/Resources/Fonts & Materials/LiberationSans SDF - Soft Mask.mat using Guid(42df1c7856584b6b8db9a509b6b10074) Importer(815301076,1909f56bfc062723c751e8b465ee728b)  -> (artifact id: '7bfec900624f413ae3de87b8c1e36e4e') in 0.029657 seconds 
========================================================================
Received Import Request.
  Time since last request: 22.628377 seconds.
  path: Assets/PlayLightGames/2D Casual GUI/Casual GUI - Play Light Games.pdf
  artifactKey: Guid(86207f56376c60d42b72caaf5ed26144) Importer(815301076,1909f56bfc062723c751e8b465ee728b)
Start importing Assets/PlayLightGames/2D Casual GUI/Casual GUI - Play Light Games.pdf using Guid(86207f56376c60d42b72caaf5ed26144) Importer(815301076,1909f56bfc062723c751e8b465ee728b)  -> (artifact id: '5148f8860f0ac9028e0dbef91ec23285') in 0.010951 seconds 
========================================================================
Received Import Request.
  Time since last request: 3.865899 seconds.
  path: Assets/PlayLightGames/2D Casual GUI/GUI/assets10.png
  artifactKey: Guid(1546818c198ec9c4ebb476749c9c0929) Importer(815301076,1909f56bfc062723c751e8b465ee728b)
Start importing Assets/PlayLightGames/2D Casual GUI/GUI/assets10.png using Guid(1546818c198ec9c4ebb476749c9c0929) Importer(815301076,1909f56bfc062723c751e8b465ee728b)  -> (artifact id: '34c2358facc49f5e169407b8c7effd2c') in 0.079832 seconds 
========================================================================
Received Import Request.
  Time since last request: 2186.436181 seconds.
  path: Assets/AssetsPacket/RPG Monster DUO PBR Polyart/Prefabs/PolyartDefault/TurtleShellPolyart.prefab
  artifactKey: Guid(24a0663f813d4beb91fc0c6b1e8fef36) Importer(815301076,1909f56bfc062723c751e8b465ee728b)
Start importing Assets/AssetsPacket/RPG Monster DUO PBR Polyart/Prefabs/PolyartDefault/TurtleShellPolyart.prefab using Guid(24a0663f813d4beb91fc0c6b1e8fef36) Importer(815301076,1909f56bfc062723c751e8b465ee728b)  -> (artifact id: '4cfd6e53e56b9842d80027eea2767847') in 0.051479 seconds 
========================================================================
Received Import Request.
  Time since last request: 0.356163 seconds.
  path: Assets/AssetsPacket/RPG Monster DUO PBR Polyart/Prefabs/PBRDefault/TurtleShellPBR.prefab
  artifactKey: Guid(e2aafa8770d34a9591b41bedf4e318ba) Importer(815301076,1909f56bfc062723c751e8b465ee728b)
Start importing Assets/AssetsPacket/RPG Monster DUO PBR Polyart/Prefabs/PBRDefault/TurtleShellPBR.prefab using Guid(e2aafa8770d34a9591b41bedf4e318ba) Importer(815301076,1909f56bfc062723c751e8b465ee728b)  -> (artifact id: '7331ed995a7b05ff719722bd2ec5e631') in 0.025105 seconds 
========================================================================
Received Import Request.
  Time since last request: 0.840758 seconds.
  path: Assets/AssetsPacket/RPG Monster DUO PBR Polyart/Textures/Albedo.png
  artifactKey: Guid(a291ce082c5d42babcf8db35db1a5efe) Importer(815301076,1909f56bfc062723c751e8b465ee728b)
Start importing Assets/AssetsPacket/RPG Monster DUO PBR Polyart/Textures/Albedo.png using Guid(a291ce082c5d42babcf8db35db1a5efe) Importer(815301076,1909f56bfc062723c751e8b465ee728b)  -> (artifact id: '4522986d0e9b3ae1f77623b4b94f03fa') in 0.017978 seconds 
========================================================================
Received Import Request.
  Time since last request: 0.000022 seconds.
  path: Assets/AssetsPacket/RPG Monster DUO PBR Polyart/Textures/Metallic-Smoothness.png
  artifactKey: Guid(24282800d76b4861b333f50cbcbd93d9) Importer(815301076,1909f56bfc062723c751e8b465ee728b)
Start importing Assets/AssetsPacket/RPG Monster DUO PBR Polyart/Textures/Metallic-Smoothness.png using Guid(24282800d76b4861b333f50cbcbd93d9) Importer(815301076,1909f56bfc062723c751e8b465ee728b)  -> (artifact id: 'c11857c8377d787df881c8f1664c0451') in 0.015485 seconds 
========================================================================
Received Import Request.
  Time since last request: 6.450322 seconds.
  path: Assets/MapaAula/MapaAula
  artifactKey: Guid(ef8dc467ed4843e4f9b1189a6d3faf38) Importer(815301076,1909f56bfc062723c751e8b465ee728b)
Start importing Assets/MapaAula/MapaAula using Guid(ef8dc467ed4843e4f9b1189a6d3faf38) Importer(815301076,1909f56bfc062723c751e8b465ee728b)  -> (artifact id: '63663e72f08a116fd537b75787c2d851') in 0.009373 seconds 
========================================================================
Received Import Request.
  Time since last request: 0.101162 seconds.
  path: Assets/MapaAula/MapaAula/LightingData.asset
  artifactKey: Guid(ed6a5fda99a981c4a96e7227dac5eb2a) Importer(815301076,1909f56bfc062723c751e8b465ee728b)
Start importing Assets/MapaAula/MapaAula/LightingData.asset using Guid(ed6a5fda99a981c4a96e7227dac5eb2a) Importer(815301076,1909f56bfc062723c751e8b465ee728b)  -> (artifact id: 'fb6847d396289dcebbf7cd7739c582ba') in 0.008938 seconds 
========================================================================
Received Import Request.
  Time since last request: 3.310020 seconds.
  path: Assets/HONETi/mobile_cartoon_GUI
  artifactKey: Guid(602a6a340351a2e4ab675597a348f9fd) Importer(815301076,1909f56bfc062723c751e8b465ee728b)
Start importing Assets/HONETi/mobile_cartoon_GUI using Guid(602a6a340351a2e4ab675597a348f9fd) Importer(815301076,1909f56bfc062723c751e8b465ee728b)  -> (artifact id: 'aae0a93f7e9a361451ca7d5c9ca926ec') in 0.008237 seconds 
========================================================================
Received Import Request.
  Time since last request: 1.979814 seconds.
  path: Assets/HONETi/mobile_cartoon_GUI/GUI Elements
  artifactKey: Guid(938992dc65bdfcc4fb2051bfa4f1c298) Importer(815301076,1909f56bfc062723c751e8b465ee728b)
Start importing Assets/HONETi/mobile_cartoon_GUI/GUI Elements using Guid(938992dc65bdfcc4fb2051bfa4f1c298) Importer(815301076,1909f56bfc062723c751e8b465ee728b)  -> (artifact id: '2380a22f8b27e7793eead26e40b7f2f4') in 0.007448 seconds 
========================================================================
Received Import Request.
  Time since last request: 55.294547 seconds.
  path: Assets/HONETi/mobile_cartoon_GUI/GUI Elements/Achievements!/achiev_box.png
  artifactKey: Guid(90a9a33e39abc854188aecad83519184) Importer(815301076,1909f56bfc062723c751e8b465ee728b)
Start importing Assets/HONETi/mobile_cartoon_GUI/GUI Elements/Achievements!/achiev_box.png using Guid(90a9a33e39abc854188aecad83519184) Importer(815301076,1909f56bfc062723c751e8b465ee728b)  -> (artifact id: 'a68aa4d9450bacd3562dc3d528f04394') in 0.027622 seconds 
========================================================================
Received Import Request.
  Time since last request: 0.000026 seconds.
  path: Assets/HONETi/mobile_cartoon_GUI/GUI Elements/Achievements!/achiev_stat_done.png
  artifactKey: Guid(313bd1bdad2d49d4e812ba09b35cad76) Importer(815301076,1909f56bfc062723c751e8b465ee728b)
Start importing Assets/HONETi/mobile_cartoon_GUI/GUI Elements/Achievements!/achiev_stat_done.png using Guid(313bd1bdad2d49d4e812ba09b35cad76) Importer(815301076,1909f56bfc062723c751e8b465ee728b)  -> (artifact id: '0db894ebf23bcac68d58230e1c66f35a') in 0.027579 seconds 
========================================================================
Received Import Request.
  Time since last request: 0.000030 seconds.
  path: Assets/HONETi/mobile_cartoon_GUI/GUI Elements/Achievements!/achiev_box_pressed.png
  artifactKey: Guid(fb8a46611eec8de498e97e3ab2cbd1c7) Importer(815301076,1909f56bfc062723c751e8b465ee728b)
Start importing Assets/HONETi/mobile_cartoon_GUI/GUI Elements/Achievements!/achiev_box_pressed.png using Guid(fb8a46611eec8de498e97e3ab2cbd1c7) Importer(815301076,1909f56bfc062723c751e8b465ee728b)  -> (artifact id: 'f4aaf5ade44531bf1577e51e5b32b3d1') in 0.024350 seconds 
========================================================================
Received Import Request.
  Time since last request: 0.374268 seconds.
  path: Assets/HONETi/mobile_cartoon_GUI/GUI Elements/Background/background.jpg
  artifactKey: Guid(8e2b8f361a036c14ea60e3477a8b0a65) Importer(815301076,1909f56bfc062723c751e8b465ee728b)
Start importing Assets/HONETi/mobile_cartoon_GUI/GUI Elements/Background/background.jpg using Guid(8e2b8f361a036c14ea60e3477a8b0a65) Importer(815301076,1909f56bfc062723c751e8b465ee728b)  -> (artifact id: '63b30a1a426ead2f58e2594dfc90da39') in 0.124706 seconds 
========================================================================
Received Import Request.
  Time since last request: 0.981902 seconds.
  path: Assets/HONETi/mobile_cartoon_GUI/GUI Elements/Counter/counter.png
  artifactKey: Guid(809919c1b41cc3e4ab5db812909bb953) Importer(815301076,1909f56bfc062723c751e8b465ee728b)
Start importing Assets/HONETi/mobile_cartoon_GUI/GUI Elements/Counter/counter.png using Guid(809919c1b41cc3e4ab5db812909bb953) Importer(815301076,1909f56bfc062723c751e8b465ee728b)  -> (artifact id: '6f347fdbd808a4c821b46c279d210d50') in 0.014290 seconds 
========================================================================
Received Import Request.
  Time since last request: 8.494087 seconds.
  path: Assets/HONETi/mobile_cartoon_GUI/psd files/preview/gui_elements_slices.jpg
  artifactKey: Guid(6439f73e42506e143ac1402b00358ab1) Importer(815301076,1909f56bfc062723c751e8b465ee728b)
Start importing Assets/HONETi/mobile_cartoon_GUI/psd files/preview/gui_elements_slices.jpg using Guid(6439f73e42506e143ac1402b00358ab1) Importer(815301076,1909f56bfc062723c751e8b465ee728b)  -> (artifact id: 'b0580e1a2cd3707c9890477794fee217') in 0.152487 seconds 
========================================================================
Received Import Request.
  Time since last request: 1.209362 seconds.
  path: Assets/HONETi/mobile_cartoon_GUI/psd files/preview/_all_slices/achiev_box.png
  artifactKey: Guid(27d799fe9c8cb994892380a91a1a0562) Importer(815301076,1909f56bfc062723c751e8b465ee728b)
Start importing Assets/HONETi/mobile_cartoon_GUI/psd files/preview/_all_slices/achiev_box.png using Guid(27d799fe9c8cb994892380a91a1a0562) Importer(815301076,1909f56bfc062723c751e8b465ee728b)  -> (artifact id: 'bbf40b631c0ffd7debec1ea2ecaf4200') in 0.043803 seconds 
========================================================================
Received Import Request.
  Time since last request: 0.000020 seconds.
  path: Assets/HONETi/mobile_cartoon_GUI/psd files/preview/_all_slices/icon_cherries.png
  artifactKey: Guid(479cb6a100abd7f4f8771485dc597b00) Importer(815301076,1909f56bfc062723c751e8b465ee728b)
Start importing Assets/HONETi/mobile_cartoon_GUI/psd files/preview/_all_slices/icon_cherries.png using Guid(479cb6a100abd7f4f8771485dc597b00) Importer(815301076,1909f56bfc062723c751e8b465ee728b)  -> (artifact id: '735f9de2b15d2c0392dce9c18ff090c9') in 0.031847 seconds 
========================================================================
Received Import Request.
  Time since last request: 0.000049 seconds.
  path: Assets/HONETi/mobile_cartoon_GUI/psd files/preview/_all_slices/flat_icon_menu.png
  artifactKey: Guid(bd120f85a954030448f8d5108e8ccc55) Importer(815301076,1909f56bfc062723c751e8b465ee728b)
Start importing Assets/HONETi/mobile_cartoon_GUI/psd files/preview/_all_slices/flat_icon_menu.png using Guid(bd120f85a954030448f8d5108e8ccc55) Importer(815301076,1909f56bfc062723c751e8b465ee728b)  -> (artifact id: '64e2db03eafc12497a6df14109020049') in 0.015300 seconds 
========================================================================
Received Import Request.
  Time since last request: 0.000021 seconds.
  path: Assets/HONETi/mobile_cartoon_GUI/psd files/preview/_all_slices/icon_cryon.png
  artifactKey: Guid(4ba7d1eff36f72f43823e9b09062314e) Importer(815301076,1909f56bfc062723c751e8b465ee728b)
Start importing Assets/HONETi/mobile_cartoon_GUI/psd files/preview/_all_slices/icon_cryon.png using Guid(4ba7d1eff36f72f43823e9b09062314e) Importer(815301076,1909f56bfc062723c751e8b465ee728b)  -> (artifact id: 'd37127b712ce0645b6559313a4debaf8') in 0.014477 seconds 
========================================================================
Received Import Request.
  Time since last request: 0.000021 seconds.
  path: Assets/HONETi/mobile_cartoon_GUI/psd files/preview/_all_slices/icon_cup-16.png
  artifactKey: Guid(3662cff6acbafd04f9b8ae627d65b154) Importer(815301076,1909f56bfc062723c751e8b465ee728b)
Start importing Assets/HONETi/mobile_cartoon_GUI/psd files/preview/_all_slices/icon_cup-16.png using Guid(3662cff6acbafd04f9b8ae627d65b154) Importer(815301076,1909f56bfc062723c751e8b465ee728b)  -> (artifact id: '56a3372d118a3a451288f132c9bf7383') in 0.016377 seconds 
========================================================================
Received Import Request.
  Time since last request: 0.000020 seconds.
  path: Assets/HONETi/mobile_cartoon_GUI/psd files/preview/_all_slices/icon_coins.png
  artifactKey: Guid(ce6f3004cae7ba34e97b35a717317a54) Importer(815301076,1909f56bfc062723c751e8b465ee728b)
Start importing Assets/HONETi/mobile_cartoon_GUI/psd files/preview/_all_slices/icon_coins.png using Guid(ce6f3004cae7ba34e97b35a717317a54) Importer(815301076,1909f56bfc062723c751e8b465ee728b)  -> (artifact id: 'b94bea8872572a646a11412701a0ecc8') in 0.014156 seconds 
========================================================================
Received Import Request.
  Time since last request: 0.000026 seconds.
  path: Assets/HONETi/mobile_cartoon_GUI/psd files/preview/_all_slices/btn_big_hover.png
  artifactKey: Guid(a288a6118b2c36d479a794891c67ad7a) Importer(815301076,1909f56bfc062723c751e8b465ee728b)
Start importing Assets/HONETi/mobile_cartoon_GUI/psd files/preview/_all_slices/btn_big_hover.png using Guid(a288a6118b2c36d479a794891c67ad7a) Importer(815301076,1909f56bfc062723c751e8b465ee728b)  -> (artifact id: '1196745052679758f4c0806c320bc100') in 0.018418 seconds 
========================================================================
Received Import Request.
  Time since last request: 0.000039 seconds.
  path: Assets/HONETi/mobile_cartoon_GUI/psd files/preview/_all_slices/icon_ball.png
  artifactKey: Guid(4ef0e94c708ac774d91a9b5ac8f1df8d) Importer(815301076,1909f56bfc062723c751e8b465ee728b)
Start importing Assets/HONETi/mobile_cartoon_GUI/psd files/preview/_all_slices/icon_ball.png using Guid(4ef0e94c708ac774d91a9b5ac8f1df8d) Importer(815301076,1909f56bfc062723c751e8b465ee728b)  -> (artifact id: '21ad26f10fd92df2b74b93d372d68e88') in 0.016823 seconds 
========================================================================
Received Import Request.
  Time since last request: 0.000032 seconds.
  path: Assets/HONETi/mobile_cartoon_GUI/psd files/preview/_all_slices/btn_big_pressed.png
  artifactKey: Guid(a4b4f14e1cd729c48bbd0c727d752a10) Importer(815301076,1909f56bfc062723c751e8b465ee728b)
Start importing Assets/HONETi/mobile_cartoon_GUI/psd files/preview/_all_slices/btn_big_pressed.png using Guid(a4b4f14e1cd729c48bbd0c727d752a10) Importer(815301076,1909f56bfc062723c751e8b465ee728b)  -> (artifact id: 'c61b0bcf646539edc9413027269b7d32') in 0.019699 seconds 
========================================================================
Received Import Request.
  Time since last request: 0.000031 seconds.
  path: Assets/HONETi/mobile_cartoon_GUI/psd files/preview/_all_slices/icon_button.png
  artifactKey: Guid(7f55ef9c9dbed70419f585d454fad4d5) Importer(815301076,1909f56bfc062723c751e8b465ee728b)
Start importing Assets/HONETi/mobile_cartoon_GUI/psd files/preview/_all_slices/icon_button.png using Guid(7f55ef9c9dbed70419f585d454fad4d5) Importer(815301076,1909f56bfc062723c751e8b465ee728b)  -> (artifact id: 'facac43ecc41610172b335bbc9d30c1b') in 0.017671 seconds 
========================================================================
Received Import Request.
  Time since last request: 0.000022 seconds.
  path: Assets/HONETi/mobile_cartoon_GUI/psd files/preview/_all_slices/btn_+_hov.png
  artifactKey: Guid(586bb35e2c91ea64da42d36b077e6c8c) Importer(815301076,1909f56bfc062723c751e8b465ee728b)
Start importing Assets/HONETi/mobile_cartoon_GUI/psd files/preview/_all_slices/btn_+_hov.png using Guid(586bb35e2c91ea64da42d36b077e6c8c) Importer(815301076,1909f56bfc062723c751e8b465ee728b)  -> (artifact id: 'ed3cb7b0e479ea19408e6c9bc318c3ea') in 0.017316 seconds 
========================================================================
Received Import Request.
  Time since last request: 0.000035 seconds.
  path: Assets/HONETi/mobile_cartoon_GUI/psd files/preview/_all_slices/achiev_stat_done.png
  artifactKey: Guid(73519c5178f6daa4488f99dcee792dca) Importer(815301076,1909f56bfc062723c751e8b465ee728b)
Start importing Assets/HONETi/mobile_cartoon_GUI/psd files/preview/_all_slices/achiev_stat_done.png using Guid(73519c5178f6daa4488f99dcee792dca) Importer(815301076,1909f56bfc062723c751e8b465ee728b)  -> (artifact id: '8489edf3d489bab84aa58da22ba7efdd') in 0.016085 seconds 
========================================================================
Received Import Request.
  Time since last request: 0.000050 seconds.
  path: Assets/HONETi/mobile_cartoon_GUI/psd files/preview/_all_slices/cursor_right.png
  artifactKey: Guid(932e9961593c9eb448794d2205d0ac9f) Importer(815301076,1909f56bfc062723c751e8b465ee728b)
Start importing Assets/HONETi/mobile_cartoon_GUI/psd files/preview/_all_slices/cursor_right.png using Guid(932e9961593c9eb448794d2205d0ac9f) Importer(815301076,1909f56bfc062723c751e8b465ee728b)  -> (artifact id: 'f6a7624ab8ad9f7dd39f49734a0ce0e9') in 0.015301 seconds 
========================================================================
Received Import Request.
  Time since last request: 0.000025 seconds.
  path: Assets/HONETi/mobile_cartoon_GUI/psd files/preview/_all_slices/icon_blue_back.png
  artifactKey: Guid(d1ec0722a6c122f42b76f576e8292dcc) Importer(815301076,1909f56bfc062723c751e8b465ee728b)
Start importing Assets/HONETi/mobile_cartoon_GUI/psd files/preview/_all_slices/icon_blue_back.png using Guid(d1ec0722a6c122f42b76f576e8292dcc) Importer(815301076,1909f56bfc062723c751e8b465ee728b)  -> (artifact id: '3ee492027c7fe3873741d756f1f0ba76') in 0.014993 seconds 
========================================================================
Received Import Request.
  Time since last request: 0.000027 seconds.
  path: Assets/HONETi/mobile_cartoon_GUI/psd files/preview/_all_slices/btn_-_hov.png
  artifactKey: Guid(5986add9a41f5b94f9f01753161dfadb) Importer(815301076,1909f56bfc062723c751e8b465ee728b)
Start importing Assets/HONETi/mobile_cartoon_GUI/psd files/preview/_all_slices/btn_-_hov.png using Guid(5986add9a41f5b94f9f01753161dfadb) Importer(815301076,1909f56bfc062723c751e8b465ee728b)  -> (artifact id: '32e35b0766a4754ccf7972080db6b274') in 0.016349 seconds 
========================================================================
Received Import Request.
  Time since last request: 0.000029 seconds.
  path: Assets/HONETi/mobile_cartoon_GUI/psd files/preview/_all_slices/flat_icon_fcb.png
  artifactKey: Guid(8832ca25f47ccd04b8fac34f16e94dd0) Importer(815301076,1909f56bfc062723c751e8b465ee728b)
Start importing Assets/HONETi/mobile_cartoon_GUI/psd files/preview/_all_slices/flat_icon_fcb.png using Guid(8832ca25f47ccd04b8fac34f16e94dd0) Importer(815301076,1909f56bfc062723c751e8b465ee728b)  -> (artifact id: '11dcaaae4d1f0c20960359e2acd062f5') in 0.017179 seconds 
========================================================================
Received Import Request.
  Time since last request: 7.731670 seconds.
  path: Assets/HONETi/mobile_cartoon_GUI/GUI Elements/Flat Icons/flat_icon_back.png
  artifactKey: Guid(a659cdf07744db04786ca6d3824f3ce0) Importer(815301076,1909f56bfc062723c751e8b465ee728b)
Start importing Assets/HONETi/mobile_cartoon_GUI/GUI Elements/Flat Icons/flat_icon_back.png using Guid(a659cdf07744db04786ca6d3824f3ce0) Importer(815301076,1909f56bfc062723c751e8b465ee728b)  -> (artifact id: '9d836ddf59bd248d4d5c070a1d48f56a') in 0.039514 seconds 
========================================================================
Received Import Request.
  Time since last request: 0.000034 seconds.
  path: Assets/HONETi/mobile_cartoon_GUI/GUI Elements/Flat Icons/flat_icon_lock.png
  artifactKey: Guid(bc89b0dfa8a57e84caf3179d1996f46e) Importer(815301076,1909f56bfc062723c751e8b465ee728b)
Start importing Assets/HONETi/mobile_cartoon_GUI/GUI Elements/Flat Icons/flat_icon_lock.png using Guid(bc89b0dfa8a57e84caf3179d1996f46e) Importer(815301076,1909f56bfc062723c751e8b465ee728b)  -> (artifact id: '41e4a43e84f9dd628bfebabc14381f70') in 0.022283 seconds 
========================================================================
Received Import Request.
  Time since last request: 0.000023 seconds.
  path: Assets/HONETi/mobile_cartoon_GUI/GUI Elements/Flat Icons/flat_icon_play.png
  artifactKey: Guid(dbcc8f3060cf8e74996ef1ba46a428c3) Importer(815301076,1909f56bfc062723c751e8b465ee728b)
Start importing Assets/HONETi/mobile_cartoon_GUI/GUI Elements/Flat Icons/flat_icon_play.png using Guid(dbcc8f3060cf8e74996ef1ba46a428c3) Importer(815301076,1909f56bfc062723c751e8b465ee728b)  -> (artifact id: '78f1bc05f413c1d8cbe688abab63547b') in 0.028277 seconds 
========================================================================
Received Import Request.
  Time since last request: 19.431262 seconds.
  path: Assets/AssetsPacket/RPG Monster DUO PBR Polyart/Scenes/PBR/LightingData.asset
  artifactKey: Guid(d83c3b9a7459400eb461eb9c8da35621) Importer(815301076,1909f56bfc062723c751e8b465ee728b)
Start importing Assets/AssetsPacket/RPG Monster DUO PBR Polyart/Scenes/PBR/LightingData.asset using Guid(d83c3b9a7459400eb461eb9c8da35621) Importer(815301076,1909f56bfc062723c751e8b465ee728b)  -> (artifact id: '7702787900e0db7fff17b4ab16caba25') in 0.003344 seconds 
========================================================================
Received Import Request.
  Time since last request: 37.763936 seconds.
  path: Assets/AssetsPacket/DogKnight
  artifactKey: Guid(f0ef4bb848f12b145b067b4998e675a3) Importer(815301076,1909f56bfc062723c751e8b465ee728b)
Start importing Assets/AssetsPacket/DogKnight using Guid(f0ef4bb848f12b145b067b4998e675a3) Importer(815301076,1909f56bfc062723c751e8b465ee728b)  -> (artifact id: '950270a8e384fc588c31ffa6d01e25e9') in 0.008958 seconds 
========================================================================
Received Prepare
Registering precompiled user dll's ...
Registered in 0.004870 seconds.
Begin MonoManager ReloadAssembly
Symbol file LoadedFromMemory doesn't match image E:\_game\Second RPG 3D\Library\PackageCache\com.unity.visualscripting@1.7.8\Editor\VisualScripting.Core\Dependencies\YamlDotNet\Unity.VisualScripting.YamlDotNet.dll
Symbol file LoadedFromMemory doesn't match image E:\_game\Second RPG 3D\Library\PackageCache\com.unity.visualscripting@1.7.8\Editor\VisualScripting.Core\Dependencies\DotNetZip\Unity.VisualScripting.IonicZip.dll
Native extension for WindowsStandalone target not found
Native extension for iOS target not found
Native extension for Android target not found
Refreshing native plugins compatible for Editor in 0.92 ms, found 3 plugins.
Preloading 0 native plugins for Editor in 0.00 ms.
Mono: successfully reloaded assembly
- Completed reload, in  1.552 seconds
Domain Reload Profiling:
	ReloadAssembly (1553ms)
		BeginReloadAssembly (312ms)
			ExecutionOrderSort (0ms)
			DisableScriptedObjects (12ms)
			BackupInstance (0ms)
			ReleaseScriptingObjects (0ms)
			CreateAndSetChildDomain (135ms)
		EndReloadAssembly (1146ms)
			LoadAssemblies (129ms)
			RebuildTransferFunctionScriptingTraits (0ms)
			SetupTypeCache (379ms)
			ReleaseScriptCaches (2ms)
			RebuildScriptCaches (55ms)
			SetupLoadedEditorAssemblies (562ms)
				LogAssemblyErrors (0ms)
				InitializePlatformSupportModulesInManaged (35ms)
				SetLoadedEditorAssemblies (1ms)
				RefreshPlugins (1ms)
				BeforeProcessingInitializeOnLoad (72ms)
				ProcessInitializeOnLoadAttributes (422ms)
				ProcessInitializeOnLoadMethodAttributes (27ms)
				AfterProcessingInitializeOnLoad (2ms)
				EditorAssembliesLoaded (0ms)
			ExecutionOrderSort2 (0ms)
			AwakeInstancesAfterBackupRestoration (6ms)
Platform modules already initialized, skipping
Refreshing native plugins compatible for Editor in 1.81 ms, found 3 plugins.
Preloading 0 native plugins for Editor in 0.00 ms.
Unloading 3664 Unused Serialized files (Serialized files now loaded: 0)
Unloading 31 unused Assets / (1.3 MB). Loaded Objects now: 4276.
Memory consumption went from 154.6 MB to 153.3 MB.
Total: 5.597900 ms (FindLiveObjects: 0.303400 ms CreateObjectMapping: 0.132900 ms MarkObjects: 4.971900 ms  DeleteObjects: 0.188500 ms)

AssetImportParameters requested are different than current active one (requested -> active):
  custom:video-decoder-ogg-theora: a1e56fd34408186e4bbccfd4996cb3dc -> 
  custom:container-muxer-webm: aa71ff27fc2769a1b78a27578f13a17b -> 
  custom:container-demuxer-webm: 4f35f7cbe854078d1ac9338744f61a02 -> 
  custom:video-encoder-webm-vp8: eb34c28f22e8b96e1ab97ce403110664 -> 
  custom:audio-encoder-webm-vorbis: bf7c407c2cedff20999df2af8eb42d56 -> 
  custom:framework-win-MediaFoundation: 216162199b28c13a410421893ffa2e32 -> 
  custom:container-demuxer-ogg: 62fdf1f143b41e24485cea50d1cbac27 -> 
  custom:video-decoder-webm-vp8: 9c59270c3fd7afecdb556c50c9e8de78 -> 
  custom:audio-decoder-ogg-vorbis: bf7c407c2cedff20999df2af8eb42d56 -> 
========================================================================
Received Prepare
Registering precompiled user dll's ...
Registered in 0.004207 seconds.
Begin MonoManager ReloadAssembly
Symbol file LoadedFromMemory doesn't match image E:\_game\Second RPG 3D\Library\PackageCache\com.unity.visualscripting@1.7.8\Editor\VisualScripting.Core\Dependencies\YamlDotNet\Unity.VisualScripting.YamlDotNet.dll
Symbol file LoadedFromMemory doesn't match image E:\_game\Second RPG 3D\Library\PackageCache\com.unity.visualscripting@1.7.8\Editor\VisualScripting.Core\Dependencies\DotNetZip\Unity.VisualScripting.IonicZip.dll
Native extension for WindowsStandalone target not found
Native extension for iOS target not found
Native extension for Android target not found
Refreshing native plugins compatible for Editor in 0.88 ms, found 3 plugins.
Preloading 0 native plugins for Editor in 0.00 ms.
Mono: successfully reloaded assembly
- Completed reload, in  1.302 seconds
Domain Reload Profiling:
	ReloadAssembly (1303ms)
		BeginReloadAssembly (122ms)
			ExecutionOrderSort (0ms)
			DisableScriptedObjects (4ms)
			BackupInstance (0ms)
			ReleaseScriptingObjects (0ms)
			CreateAndSetChildDomain (41ms)
		EndReloadAssembly (1095ms)
			LoadAssemblies (77ms)
			RebuildTransferFunctionScriptingTraits (0ms)
			SetupTypeCache (306ms)
			ReleaseScriptCaches (2ms)
			RebuildScriptCaches (55ms)
			SetupLoadedEditorAssemblies (601ms)
				LogAssemblyErrors (0ms)
				InitializePlatformSupportModulesInManaged (35ms)
				SetLoadedEditorAssemblies (1ms)
				RefreshPlugins (1ms)
				BeforeProcessingInitializeOnLoad (72ms)
				ProcessInitializeOnLoadAttributes (461ms)
				ProcessInitializeOnLoadMethodAttributes (28ms)
				AfterProcessingInitializeOnLoad (3ms)
				EditorAssembliesLoaded (0ms)
			ExecutionOrderSort2 (0ms)
			AwakeInstancesAfterBackupRestoration (7ms)
Platform modules already initialized, skipping
Refreshing native plugins compatible for Editor in 3.21 ms, found 3 plugins.
Preloading 0 native plugins for Editor in 0.00 ms.
Unloading 3664 Unused Serialized files (Serialized files now loaded: 0)
Unloading 31 unused Assets / (1.3 MB). Loaded Objects now: 4291.
Memory consumption went from 154.7 MB to 153.3 MB.
Total: 4.495500 ms (FindLiveObjects: 0.385100 ms CreateObjectMapping: 0.291700 ms MarkObjects: 3.623100 ms  DeleteObjects: 0.194000 ms)

AssetImportParameters requested are different than current active one (requested -> active):
  custom:video-decoder-ogg-theora: a1e56fd34408186e4bbccfd4996cb3dc -> 
  custom:container-muxer-webm: aa71ff27fc2769a1b78a27578f13a17b -> 
  custom:container-demuxer-webm: 4f35f7cbe854078d1ac9338744f61a02 -> 
  custom:video-encoder-webm-vp8: eb34c28f22e8b96e1ab97ce403110664 -> 
  custom:audio-encoder-webm-vorbis: bf7c407c2cedff20999df2af8eb42d56 -> 
  custom:framework-win-MediaFoundation: 216162199b28c13a410421893ffa2e32 -> 
  custom:container-demuxer-ogg: 62fdf1f143b41e24485cea50d1cbac27 -> 
  custom:video-decoder-webm-vp8: 9c59270c3fd7afecdb556c50c9e8de78 -> 
  custom:audio-decoder-ogg-vorbis: bf7c407c2cedff20999df2af8eb42d56 -> 
