Using pre-set license
Built from '2021.3/evg/staging/82bb020e-b03b1330/draft-0' branch; Version is '2021.3.16f1 (4016570cf34f) revision 4200023'; Using compiler version '192829333'; Build Type 'Release'
OS: 'Windows 11  (10.0.22621) 64bit CoreSingleLanguage' Language: 'en' Physical Memory: 24277 MB
BatchMode: 1, IsHumanControllingUs: 0, StartBugReporterOnCrash: 0, Is64bit: 1, IsPro: 1

COMMAND LINE ARGUMENTS:
E:\New folder\2021.3.16f1\Editor\Unity.exe
-adb2
-batchMode
-noUpm
-name
AssetImportWorker1
-projectPath
E:/_game/Second RPG 3D
-logFile
Logs/AssetImportWorker1.log
-srvPort
56658
Successfully changed project path to: E:/_game/Second RPG 3D
E:/_game/Second RPG 3D
[UnityMemory] Configuration Parameters - Can be set up in boot.config
    "memorysetup-bucket-allocator-granularity=16"
    "memorysetup-bucket-allocator-bucket-count=8"
    "memorysetup-bucket-allocator-block-size=33554432"
    "memorysetup-bucket-allocator-block-count=8"
    "memorysetup-main-allocator-block-size=16777216"
    "memorysetup-thread-allocator-block-size=16777216"
    "memorysetup-gfx-main-allocator-block-size=16777216"
    "memorysetup-gfx-thread-allocator-block-size=16777216"
    "memorysetup-cache-allocator-block-size=4194304"
    "memorysetup-typetree-allocator-block-size=2097152"
    "memorysetup-profiler-bucket-allocator-granularity=16"
    "memorysetup-profiler-bucket-allocator-bucket-count=8"
    "memorysetup-profiler-bucket-allocator-block-size=33554432"
    "memorysetup-profiler-bucket-allocator-block-count=8"
    "memorysetup-profiler-allocator-block-size=16777216"
    "memorysetup-profiler-editor-allocator-block-size=1048576"
    "memorysetup-temp-allocator-size-main=16777216"
    "memorysetup-job-temp-allocator-block-size=2097152"
    "memorysetup-job-temp-allocator-block-size-background=1048576"
    "memorysetup-job-temp-allocator-reduction-small-platforms=262144"
    "memorysetup-temp-allocator-size-background-worker=32768"
    "memorysetup-temp-allocator-size-job-worker=262144"
    "memorysetup-temp-allocator-size-preload-manager=33554432"
    "memorysetup-temp-allocator-size-nav-mesh-worker=65536"
    "memorysetup-temp-allocator-size-audio-worker=65536"
    "memorysetup-temp-allocator-size-cloud-worker=32768"
    "memorysetup-temp-allocator-size-gi-baking-worker=262144"
    "memorysetup-temp-allocator-size-gfx=262144"
Player connection [35224] Host "[IP] 10.10.21.131 [Port] 0 [Flags] 2 [Guid] 1110194690 [EditorId] 1110194690 [Version] 1048832 [Id] WindowsEditor(7,MSI) [Debug] 1 [PackageName] WindowsEditor [ProjectName] Editor" joined multi-casting on [225.0.0.222:54997]...

Player connection [35224] Host "[IP] 10.10.21.131 [Port] 0 [Flags] 2 [Guid] 1110194690 [EditorId] 1110194690 [Version] 1048832 [Id] WindowsEditor(7,MSI) [Debug] 1 [PackageName] WindowsEditor [ProjectName] Editor" joined alternative multi-casting on [225.0.0.222:34997]...

Refreshing native plugins compatible for Editor in 94.90 ms, found 3 plugins.
Preloading 0 native plugins for Editor in 0.00 ms.
Initialize engine version: 2021.3.16f1 (4016570cf34f)
[Subsystems] Discovering subsystems at path E:/New folder/2021.3.16f1/Editor/Data/Resources/UnitySubsystems
[Subsystems] Discovering subsystems at path E:/_game/Second RPG 3D/Assets
GfxDevice: creating device client; threaded=0; jobified=0
Direct3D:
    Version:  Direct3D 11.0 [level 11.1]
    Renderer: NVIDIA GeForce RTX 3050 Ti Laptop GPU (ID=0x25a0)
    Vendor:   NVIDIA
    VRAM:     3976 MB
    Driver:   31.0.15.3742
Initialize mono
Mono path[0] = 'E:/New folder/2021.3.16f1/Editor/Data/Managed'
Mono path[1] = 'E:/New folder/2021.3.16f1/Editor/Data/MonoBleedingEdge/lib/mono/unityjit-win32'
Mono config path = 'E:/New folder/2021.3.16f1/Editor/Data/MonoBleedingEdge/etc'
Using monoOptions --debugger-agent=transport=dt_socket,embedding=1,server=y,suspend=n,address=127.0.0.1:56880
Begin MonoManager ReloadAssembly
Registering precompiled unity dll's ...
Register platform support module: E:/New folder/2021.3.16f1/Editor/Data/PlaybackEngines/AndroidPlayer/UnityEditor.Android.Extensions.dll
Register platform support module: E:/New folder/2021.3.16f1/Editor/Data/PlaybackEngines/iOSSupport/UnityEditor.iOS.Extensions.dll
Register platform support module: E:/New folder/2021.3.16f1/Editor/Data/PlaybackEngines/WindowsStandaloneSupport/UnityEditor.WindowsStandalone.Extensions.dll
Registered in 0.002054 seconds.
Native extension for WindowsStandalone target not found
[usbmuxd] Start listen thread
[usbmuxd] Listen thread started
Native extension for iOS target not found
Native extension for Android target not found
Refreshing native plugins compatible for Editor in 85.76 ms, found 3 plugins.
Preloading 0 native plugins for Editor in 0.00 ms.
Mono: successfully reloaded assembly
- Completed reload, in  0.587 seconds
Domain Reload Profiling:
	ReloadAssembly (588ms)
		BeginReloadAssembly (72ms)
			ExecutionOrderSort (0ms)
			DisableScriptedObjects (0ms)
			BackupInstance (0ms)
			ReleaseScriptingObjects (0ms)
			CreateAndSetChildDomain (1ms)
		EndReloadAssembly (428ms)
			LoadAssemblies (72ms)
			RebuildTransferFunctionScriptingTraits (0ms)
			SetupTypeCache (98ms)
			ReleaseScriptCaches (0ms)
			RebuildScriptCaches (25ms)
			SetupLoadedEditorAssemblies (262ms)
				LogAssemblyErrors (0ms)
				InitializePlatformSupportModulesInManaged (53ms)
				SetLoadedEditorAssemblies (0ms)
				RefreshPlugins (86ms)
				BeforeProcessingInitializeOnLoad (1ms)
				ProcessInitializeOnLoadAttributes (82ms)
				ProcessInitializeOnLoadMethodAttributes (39ms)
				AfterProcessingInitializeOnLoad (0ms)
				EditorAssembliesLoaded (0ms)
			ExecutionOrderSort2 (0ms)
			AwakeInstancesAfterBackupRestoration (0ms)
Platform modules already initialized, skipping
Registering precompiled user dll's ...
Registered in 0.003760 seconds.
Begin MonoManager ReloadAssembly
Symbol file LoadedFromMemory doesn't match image E:\_game\Second RPG 3D\Library\PackageCache\com.unity.visualscripting@1.7.8\Editor\VisualScripting.Core\Dependencies\YamlDotNet\Unity.VisualScripting.YamlDotNet.dll
Symbol file LoadedFromMemory doesn't match image E:\_game\Second RPG 3D\Library\PackageCache\com.unity.visualscripting@1.7.8\Editor\VisualScripting.Core\Dependencies\DotNetZip\Unity.VisualScripting.IonicZip.dll
Native extension for WindowsStandalone target not found
Native extension for iOS target not found
Native extension for Android target not found
Refreshing native plugins compatible for Editor in 0.68 ms, found 3 plugins.
Preloading 0 native plugins for Editor in 0.00 ms.
Mono: successfully reloaded assembly
- Completed reload, in  1.279 seconds
Domain Reload Profiling:
	ReloadAssembly (1280ms)
		BeginReloadAssembly (202ms)
			ExecutionOrderSort (0ms)
			DisableScriptedObjects (5ms)
			BackupInstance (0ms)
			ReleaseScriptingObjects (0ms)
			CreateAndSetChildDomain (123ms)
		EndReloadAssembly (978ms)
			LoadAssemblies (77ms)
			RebuildTransferFunctionScriptingTraits (0ms)
			SetupTypeCache (279ms)
			ReleaseScriptCaches (1ms)
			RebuildScriptCaches (59ms)
			SetupLoadedEditorAssemblies (523ms)
				LogAssemblyErrors (0ms)
				InitializePlatformSupportModulesInManaged (20ms)
				SetLoadedEditorAssemblies (0ms)
				RefreshPlugins (1ms)
				BeforeProcessingInitializeOnLoad (88ms)
				ProcessInitializeOnLoadAttributes (388ms)
				ProcessInitializeOnLoadMethodAttributes (24ms)
				AfterProcessingInitializeOnLoad (2ms)
				EditorAssembliesLoaded (0ms)
			ExecutionOrderSort2 (0ms)
			AwakeInstancesAfterBackupRestoration (7ms)
Platform modules already initialized, skipping
========================================================================
Worker process is ready to serve import requests
Launched and connected shader compiler UnityShaderCompiler.exe after 0.05 seconds
Refreshing native plugins compatible for Editor in 0.85 ms, found 3 plugins.
Preloading 0 native plugins for Editor in 0.00 ms.
Unloading 3713 Unused Serialized files (Serialized files now loaded: 0)
Unloading 50 unused Assets / (1.3 MB). Loaded Objects now: 4169.
Memory consumption went from 141.1 MB to 139.8 MB.
Total: 4.509300 ms (FindLiveObjects: 0.308900 ms CreateObjectMapping: 0.157600 ms MarkObjects: 3.778700 ms  DeleteObjects: 0.262800 ms)

AssetImportParameters requested are different than current active one (requested -> active):
  custom:video-decoder-ogg-theora: a1e56fd34408186e4bbccfd4996cb3dc -> 
  custom:container-muxer-webm: aa71ff27fc2769a1b78a27578f13a17b -> 
  custom:container-demuxer-webm: 4f35f7cbe854078d1ac9338744f61a02 -> 
  custom:video-encoder-webm-vp8: eb34c28f22e8b96e1ab97ce403110664 -> 
  custom:audio-encoder-webm-vorbis: bf7c407c2cedff20999df2af8eb42d56 -> 
  custom:framework-win-MediaFoundation: 216162199b28c13a410421893ffa2e32 -> 
  custom:container-demuxer-ogg: 62fdf1f143b41e24485cea50d1cbac27 -> 
  custom:video-decoder-webm-vp8: 9c59270c3fd7afecdb556c50c9e8de78 -> 
  custom:audio-decoder-ogg-vorbis: bf7c407c2cedff20999df2af8eb42d56 -> 
========================================================================
Received Import Request.
  Time since last request: 36125.540906 seconds.
  path: Assets/Nicrom/Shaders/Wind/_Prefabs/LPW_Tree_C1_9m_01.prefab
  artifactKey: Guid(4b4ea87231b37c148abee861d3c0001e) Importer(815301076,1909f56bfc062723c751e8b465ee728b)
Start importing Assets/Nicrom/Shaders/Wind/_Prefabs/LPW_Tree_C1_9m_01.prefab using Guid(4b4ea87231b37c148abee861d3c0001e) Importer(815301076,1909f56bfc062723c751e8b465ee728b)  -> (artifact id: '7bc2b063bae24c04958c34e1968e12d7') in 0.165157 seconds 
========================================================================
Received Import Request.
  Time since last request: 0.000032 seconds.
  path: Assets/Nicrom/Shaders/Wind/_Prefabs/LPW_Grass_A1_50cm_01.prefab
  artifactKey: Guid(9c6178fe943216540b276b975dafae16) Importer(815301076,1909f56bfc062723c751e8b465ee728b)
Start importing Assets/Nicrom/Shaders/Wind/_Prefabs/LPW_Grass_A1_50cm_01.prefab using Guid(9c6178fe943216540b276b975dafae16) Importer(815301076,1909f56bfc062723c751e8b465ee728b)  -> (artifact id: '09c7f5869c3c78a6c22cf18879ae0783') in 0.029149 seconds 
========================================================================
Received Import Request.
  Time since last request: 0.000025 seconds.
  path: Assets/Nicrom/Shaders/Wind/_Prefabs/LPW_Ground_A1_100x100_01.prefab
  artifactKey: Guid(e4b7ee855e6fe0640ae15f3068cf68d7) Importer(815301076,1909f56bfc062723c751e8b465ee728b)
Start importing Assets/Nicrom/Shaders/Wind/_Prefabs/LPW_Ground_A1_100x100_01.prefab using Guid(e4b7ee855e6fe0640ae15f3068cf68d7) Importer(815301076,1909f56bfc062723c751e8b465ee728b)  -> (artifact id: '55afe54c8b38a79602a82cc8166343d5') in 0.035538 seconds 
========================================================================
Received Import Request.
  Time since last request: 0.581952 seconds.
  path: Assets/Nicrom/Shaders/Wind/Assets/Materials/LPW_Grass_B1_01.mat
  artifactKey: Guid(df92e6d0cb68a9547babf0370c8bf4e6) Importer(815301076,1909f56bfc062723c751e8b465ee728b)
Start importing Assets/Nicrom/Shaders/Wind/Assets/Materials/LPW_Grass_B1_01.mat using Guid(df92e6d0cb68a9547babf0370c8bf4e6) Importer(815301076,1909f56bfc062723c751e8b465ee728b)  -> (artifact id: 'eb67713aeed3adc47fb80f7dad22cf5d') in 0.212080 seconds 
========================================================================
Received Import Request.
  Time since last request: 0.528135 seconds.
  path: Assets/Nicrom/Shaders/Wind/Assets/Models/LPW_Grass_A1_50cm_01.fbx
  artifactKey: Guid(02e48aea181058a47acc4c8a06b88f13) Importer(815301076,1909f56bfc062723c751e8b465ee728b)
Start importing Assets/Nicrom/Shaders/Wind/Assets/Models/LPW_Grass_A1_50cm_01.fbx using Guid(02e48aea181058a47acc4c8a06b88f13) Importer(815301076,1909f56bfc062723c751e8b465ee728b)  -> (artifact id: '3acb0339fd08c55ba6f7e3b43f4721f7') in 0.029513 seconds 
========================================================================
Received Import Request.
  Time since last request: 0.000019 seconds.
  path: Assets/Nicrom/Shaders/Wind/Assets/Models/LPW_Tree_C1_9m_01.fbx
  artifactKey: Guid(80d15eccca9181a4386c007b45199982) Importer(815301076,1909f56bfc062723c751e8b465ee728b)
Start importing Assets/Nicrom/Shaders/Wind/Assets/Models/LPW_Tree_C1_9m_01.fbx using Guid(80d15eccca9181a4386c007b45199982) Importer(815301076,1909f56bfc062723c751e8b465ee728b)  -> (artifact id: '6b697dcea3f226ff25ad20ec4d9a6371') in 0.017948 seconds 
========================================================================
Received Import Request.
  Time since last request: 0.000020 seconds.
  path: Assets/Nicrom/Shaders/Wind/Assets/Models/LPW_Rock_Wall_A1_01.fbx
  artifactKey: Guid(21e4e23f629a66042b0804449f9cdf4e) Importer(815301076,1909f56bfc062723c751e8b465ee728b)
Start importing Assets/Nicrom/Shaders/Wind/Assets/Models/LPW_Rock_Wall_A1_01.fbx using Guid(21e4e23f629a66042b0804449f9cdf4e) Importer(815301076,1909f56bfc062723c751e8b465ee728b)  -> (artifact id: 'c2f3e65e845a10680f797aa5684a8cf7') in 0.019537 seconds 
========================================================================
Received Import Request.
  Time since last request: 0.000020 seconds.
  path: Assets/Nicrom/Shaders/Wind/Assets/Models/LPW_Ground_A1_100x100_01.fbx
  artifactKey: Guid(dbc5577fb32b294459a6c2b9d3f4d366) Importer(815301076,1909f56bfc062723c751e8b465ee728b)
Start importing Assets/Nicrom/Shaders/Wind/Assets/Models/LPW_Ground_A1_100x100_01.fbx using Guid(dbc5577fb32b294459a6c2b9d3f4d366) Importer(815301076,1909f56bfc062723c751e8b465ee728b)  -> (artifact id: '99b086ba4150d63339eedbd5d840e6cb') in 0.047091 seconds 
========================================================================
Received Import Request.
  Time since last request: 3.767294 seconds.
  path: Assets/Nicrom/Shaders/Wind/Assets/Textures/LPW_TextureAtlas_01.png
  artifactKey: Guid(225da740038919f4ca9eaff413945956) Importer(815301076,1909f56bfc062723c751e8b465ee728b)
Start importing Assets/Nicrom/Shaders/Wind/Assets/Textures/LPW_TextureAtlas_01.png using Guid(225da740038919f4ca9eaff413945956) Importer(815301076,1909f56bfc062723c751e8b465ee728b)  -> (artifact id: '349418d302e588e6d8c62ec47d1252d5') in 0.031429 seconds 
========================================================================
Received Import Request.
  Time since last request: 11.049383 seconds.
  path: Assets/PlayLightGames/2D Casual GUI/GUI/assets3.png
  artifactKey: Guid(051b97258470861429047c6f62b13bd7) Importer(815301076,1909f56bfc062723c751e8b465ee728b)
Start importing Assets/PlayLightGames/2D Casual GUI/GUI/assets3.png using Guid(051b97258470861429047c6f62b13bd7) Importer(815301076,1909f56bfc062723c751e8b465ee728b)  -> (artifact id: '24a50da5ab73aa6a54d0d17259b75586') in 0.079632 seconds 
========================================================================
Received Import Request.
  Time since last request: 0.000022 seconds.
  path: Assets/PlayLightGames/2D Casual GUI/GUI/assets11.png
  artifactKey: Guid(54f14e01ba240d54a85fe775fb5dce5b) Importer(815301076,1909f56bfc062723c751e8b465ee728b)
Start importing Assets/PlayLightGames/2D Casual GUI/GUI/assets11.png using Guid(54f14e01ba240d54a85fe775fb5dce5b) Importer(815301076,1909f56bfc062723c751e8b465ee728b)  -> (artifact id: '41d81e770a14072a0f4def37a63e338d') in 0.070552 seconds 
Editor requested this worker to shutdown with reason: Scaling down because of idle timeout
AssetImportWorker is now disconnected from the server
Process exiting
Exiting without the bug reporter. Application will terminate with return code 0